<?xml version="1.0" encoding="UTF-8"?>
<!-- Generated by org.testng.reporters.JUnitReportReporter -->
<testsuite skipped="0" hostname="daniel-inspiron157000gaming" name="Group.service.GroupUserServiceTest" tests="3" failures="0" timestamp="2020-07-08T00:11:31 CST" time="0.004" errors="0">
  <testcase name="updateUserGroupTest" time="0.001" classname="Group.service.GroupUserServiceTest"/>
  <testcase name="removeUserFromGroupSuccessTest" time="0.001" classname="Group.service.GroupUserServiceTest"/>
  <testcase name="createGroupUserTest" time="0.002" classname="Group.service.GroupUserServiceTest"/>
</testsuite> <!-- Group.service.GroupUserServiceTest -->
