<?xml version="1.0" encoding="UTF-8"?>
<!-- Generated by org.testng.reporters.JUnitReportReporter -->
<<<<<<< HEAD
<testsuite hostname="daniel-inspiron157000gaming" failures="0" tests="6" name="Modify.ModifySupplyTest" time="0.001" errors="0" timestamp="2020-08-20T18:29:49 CST" skipped="0">
  <testcase classname="Modify.ModifySupplyTest" name="testGetAndSetUser" time="0.000"/>
  <testcase classname="Modify.ModifySupplyTest" name="testGetAndSetSupply" time="0.001"/>
  <testcase classname="Modify.ModifySupplyTest" name="testGetAndSetIdModifySupply" time="0.000"/>
  <testcase classname="Modify.ModifySupplyTest" name="testGetAndSetNota" time="0.000"/>
  <testcase classname="Modify.ModifySupplyTest" name="testGetAndSetDate" time="0.000"/>
  <testcase classname="Modify.ModifySupplyTest" name="testGetAndSetQuantity" time="0.000"/>
=======
<testsuite skipped="0" hostname="angelrg-ASUS" name="Modify.ModifySupplyTest" tests="6" failures="0" timestamp="2020-08-20T03:10:56 CST" time="0.001" errors="0">
  <testcase name="testGetAndSetNota" time="0.000" classname="Modify.ModifySupplyTest"/>
  <testcase name="testGetAndSetDate" time="0.001" classname="Modify.ModifySupplyTest"/>
  <testcase name="testGetAndSetIdModifySupply" time="0.000" classname="Modify.ModifySupplyTest"/>
  <testcase name="testGetAndSetUser" time="0.000" classname="Modify.ModifySupplyTest"/>
  <testcase name="testGetAndSetSupply" time="0.000" classname="Modify.ModifySupplyTest"/>
  <testcase name="testGetAndSetQuantity" time="0.000" classname="Modify.ModifySupplyTest"/>
>>>>>>> dev
</testsuite> <!-- Modify.ModifySupplyTest -->
