<?xml version="1.0" encoding="UTF-8"?>
<!-- Generated by org.testng.reporters.JUnitReportReporter -->
<testsuite hostname="daniel-inspiron157000gaming" failures="0" tests="3" name="User.repository.RolUserRepositoryTest" time="0.021" errors="0" timestamp="2020-08-20T16:31:04 CST" skipped="0">
  <testcase classname="User.repository.RolUserRepositoryTest" name="getRolUserWithId" time="0.008"/>
  <testcase classname="User.repository.RolUserRepositoryTest" name="getRolUser" time="0.011"/>
  <testcase classname="User.repository.RolUserRepositoryTest" name="getRolUserWithName" time="0.002"/>
</testsuite> <!-- User.repository.RolUserRepositoryTest -->
