<?xml version="1.0" encoding="UTF-8"?>
<!-- Generated by org.testng.reporters.JUnitReportReporter -->
<testsuite skipped="0" hostname="daniel-inspiron157000gaming" name="Production.StageTest" tests="6" failures="0" timestamp="2020-07-08T00:11:31 CST" time="0.002" errors="0">
  <testcase name="testSetAndGetDescription" time="0.000" classname="Production.StageTest"/>
  <testcase name="testSetAndGetName" time="0.001" classname="Production.StageTest"/>
  <testcase name="testSetAndGetProductionId" time="0.000" classname="Production.StageTest"/>
  <testcase name="stageBuilderTest" time="0.001" classname="Production.StageTest"/>
  <testcase name="testEquals" time="0.000" classname="Production.StageTest"/>
  <testcase name="testSetAndGetIdStage" time="0.000" classname="Production.StageTest"/>
</testsuite> <!-- Production.StageTest -->
