<?xml version="1.0" encoding="UTF-8"?>
<!-- Generated by org.testng.reporters.JUnitReportReporter -->
<testsuite skipped="0" hostname="angelrg-ASUS" name="Production.service.NecessarySupplyServiceTest" tests="3" failures="0" timestamp="2020-08-14T16:26:08 CST" time="0.005" errors="0">
  <testcase name="updateNecessarySupplyIdStepTest" time="0.003" classname="Production.service.NecessarySupplyServiceTest"/>
  <testcase name="updateNecessarySupplyIdSupplyTest" time="0.001" classname="Production.service.NecessarySupplyServiceTest"/>
  <testcase name="createNecessarySupply" time="0.001" classname="Production.service.NecessarySupplyServiceTest"/>
</testsuite> <!-- Production.service.NecessarySupplyServiceTest -->
