<?xml version="1.0" encoding="UTF-8"?>
<!-- Generated by org.testng.reporters.JUnitReportReporter -->
<testsuite skipped="0" hostname="angelrg-ASUS" name="Modify.ModifySupplyTest" tests="6" failures="0" timestamp="2020-08-16T21:31:54 CST" time="0.001" errors="0">
  <testcase name="testGetAndSetNota" time="0.000" classname="Modify.ModifySupplyTest"/>
  <testcase name="testGetAndSetIdModifySupply" time="0.000" classname="Modify.ModifySupplyTest"/>
  <testcase name="testGetAndSetDate" time="0.000" classname="Modify.ModifySupplyTest"/>
  <testcase name="testGetAndSetQuantity" time="0.000" classname="Modify.ModifySupplyTest"/>
  <testcase name="testGetAndSetSupply" time="0.001" classname="Modify.ModifySupplyTest"/>
  <testcase name="testGetAndSetUser" time="0.000" classname="Modify.ModifySupplyTest"/>
</testsuite> <!-- Modify.ModifySupplyTest -->
