<?xml version="1.0" encoding="UTF-8"?>
<!-- Generated by org.testng.reporters.JUnitReportReporter -->
<testsuite skipped="0" hostname="daniel-inspiron157000gaming" name="Production.ProductTest" tests="3" failures="0" timestamp="2020-07-08T00:11:31 CST" time="0.000" errors="0">
  <testcase name="testSetAndGetIdProduct" time="0.000" classname="Production.ProductTest"/>
  <testcase name="testSetAndGetDescription" time="0.000" classname="Production.ProductTest"/>
  <testcase name="testSetAndGetName" time="0.000" classname="Production.ProductTest"/>
</testsuite> <!-- Production.ProductTest -->
