<?xml version="1.0" encoding="UTF-8"?>
<!-- Generated by org.testng.reporters.JUnitReportReporter -->
<testsuite hostname="daniel-inspiron157000gaming" failures="0" tests="3" name="User.repository.RolUserRepositoryTest" time="0.016" errors="0" timestamp="2020-08-19T23:49:52 CST" skipped="0">
  <testcase classname="User.repository.RolUserRepositoryTest" name="getRolUserWithId" time="0.006"/>
  <testcase classname="User.repository.RolUserRepositoryTest" name="getRolUser" time="0.009"/>
  <testcase classname="User.repository.RolUserRepositoryTest" name="getRolUserWithName" time="0.001"/>
</testsuite> <!-- User.repository.RolUserRepositoryTest -->
