<?xml version="1.0" encoding="UTF-8"?>
<!-- Generated by org.testng.reporters.JUnitReportReporter -->
<testsuite hostname="daniel-inspiron157000gaming" failures="0" tests="4" name="Modify.repository.ModifySupplyRepositoryTest" time="0.043" errors="0" timestamp="2020-08-19T23:49:51 CST" skipped="0">
  <testcase classname="Modify.repository.ModifySupplyRepositoryTest" name="getMidificationBySupplyTest" time="0.001"/>
  <testcase classname="Modify.repository.ModifySupplyRepositoryTest" name="getMidificationByUserTest" time="0.001"/>
  <testcase classname="Modify.repository.ModifySupplyRepositoryTest" name="findByIdTest" time="0.029"/>
  <testcase classname="Modify.repository.ModifySupplyRepositoryTest" name="getAllTest" time="0.012"/>
</testsuite> <!-- Modify.repository.ModifySupplyRepositoryTest -->
