<?xml version="1.0" encoding="UTF-8"?>
<!-- Generated by org.testng.reporters.JUnitReportReporter -->
<testsuite skipped="0" hostname="DESKTOP-C9MDD9E" name="Production.NecessarySupplyTest" tests="2" failures="0" timestamp="2020-09-19T11:34:36 CST" time="0.003" errors="0">
  <testcase name="testSetAndGetIdDesign" time="0.002" classname="Production.NecessarySupplyTest"/>
  <testcase name="testSetAndGetIdNecessarySupply" time="0.001" classname="Production.NecessarySupplyTest"/>
</testsuite> <!-- Production.NecessarySupplyTest -->
