<?xml version="1.0" encoding="UTF-8"?>
<!-- Generated by org.testng.reporters.JUnitReportReporter -->
<testsuite hostname="daniel-Inspiron-15-7000-Gaming" failures="0" tests="1" name="Group.repository.GroupUserRepositoryTest" time="0.002" errors="0" timestamp="2020-10-29T21:14:54 CST" skipped="0">
  <testcase classname="Group.repository.GroupUserRepositoryTest" name="findByIdTestWithResult" time="0.002"/>
</testsuite> <!-- Group.repository.GroupUserRepositoryTest -->
