<?xml version="1.0" encoding="UTF-8"?>
<!-- Generated by org.testng.reporters.JUnitReportReporter -->
<testsuite hostname="daniel-Inspiron-15-7000-Gaming" failures="0" tests="3" name="Production.CommentaryTest" time="0.001" errors="0" timestamp="2020-10-29T21:14:54 CST" skipped="0">
  <testcase classname="Production.CommentaryTest" name="testSetAndGetText" time="0.000"/>
  <testcase classname="Production.CommentaryTest" name="testSetAndGetIdCommentary" time="0.001"/>
  <testcase classname="Production.CommentaryTest" name="testSetAndGetPaso" time="0.000"/>
</testsuite> <!-- Production.CommentaryTest -->
