<?xml version="1.0" encoding="UTF-8"?>
<!-- Generated by org.testng.reporters.JUnitReportReporter -->
<testsuite hostname="daniel-Inspiron-15-7000-Gaming" failures="0" tests="3" name="Group.service.GroupUserServiceTest" time="0.004" errors="0" timestamp="2020-10-29T21:14:54 CST" skipped="0">
  <testcase classname="Group.service.GroupUserServiceTest" name="removeUserFromGroupSuccessTest" time="0.001"/>
  <testcase classname="Group.service.GroupUserServiceTest" name="createGroupUserTest" time="0.002"/>
  <testcase classname="Group.service.GroupUserServiceTest" name="updateUserGroupTest" time="0.001"/>
</testsuite> <!-- Group.service.GroupUserServiceTest -->
