<?xml version="1.0" encoding="UTF-8"?>
<!-- Generated by org.testng.reporters.JUnitReportReporter -->
<testsuite hostname="daniel-inspiron157000gaming" failures="0" tests="2" name="User.RolUserTest" time="0.001" errors="0" timestamp="2020-05-16T08:21:11 CST" skipped="0">
  <testcase classname="User.RolUserTest" name="testSetAndGetIdRolUser" time="0.001"/>
  <testcase classname="User.RolUserTest" name="testSetAndGetName" time="0.000"/>
</testsuite> <!-- User.RolUserTest -->
