<?xml version="1.0" encoding="UTF-8"?>
<!-- Generated by org.testng.reporters.JUnitReportReporter -->
<<<<<<< HEAD
<testsuite hostname="daniel-inspiron157000gaming" failures="0" tests="3" name="User.repository.RolUserRepositoryTest" time="0.016" errors="0" timestamp="2020-08-20T18:29:49 CST" skipped="0">
  <testcase classname="User.repository.RolUserRepositoryTest" name="getRolUserWithId" time="0.006"/>
  <testcase classname="User.repository.RolUserRepositoryTest" name="getRolUser" time="0.008"/>
  <testcase classname="User.repository.RolUserRepositoryTest" name="getRolUserWithName" time="0.002"/>
=======
<testsuite skipped="0" hostname="angelrg-ASUS" name="User.repository.RolUserRepositoryTest" tests="3" failures="0" timestamp="2020-08-20T03:10:57 CST" time="0.007" errors="0">
  <testcase name="getRolUser" time="0.003" classname="User.repository.RolUserRepositoryTest"/>
  <testcase name="getRolUserWithName" time="0.002" classname="User.repository.RolUserRepositoryTest"/>
  <testcase name="getRolUserWithId" time="0.002" classname="User.repository.RolUserRepositoryTest"/>
>>>>>>> dev
</testsuite> <!-- User.repository.RolUserRepositoryTest -->
