<?xml version="1.0" encoding="UTF-8"?>
<!-- Generated by org.testng.reporters.JUnitReportReporter -->
<testsuite hostname="daniel-inspiron157000gaming" failures="0" tests="4" name="Group.service.GroupServiceTest" time="0.005" errors="0" timestamp="2020-08-19T23:49:52 CST" skipped="0">
  <testcase classname="Group.service.GroupServiceTest" name="createGroupTest" time="0.001"/>
  <testcase classname="Group.service.GroupServiceTest" name="updateGroupSectionTest" time="0.000"/>
  <testcase classname="Group.service.GroupServiceTest" name="updateGroupInformationTest" time="0.004"/>
  <testcase classname="Group.service.GroupServiceTest" name="updateGroupSectionAndInformationTest" time="0.000"/>
</testsuite> <!-- Group.service.GroupServiceTest -->
