<?xml version="1.0" encoding="UTF-8"?>
<!-- Generated by org.testng.reporters.JUnitReportReporter -->
<testsuite skipped="0" hostname="angelrg-ASUS" name="Production.service.CommentaryServiceTest" tests="3" failures="0" timestamp="2020-08-14T19:03:47 CST" time="0.014" errors="0">
  <testcase name="updateCommentaryTextTest" time="0.002" classname="Production.service.CommentaryServiceTest"/>
  <testcase name="createCommentaryTest" time="0.003" classname="Production.service.CommentaryServiceTest"/>
  <testcase name="updateCommentaryStageIdTest" time="0.009" classname="Production.service.CommentaryServiceTest"/>
</testsuite> <!-- Production.service.CommentaryServiceTest -->
