<?xml version="1.0" encoding="UTF-8"?>
<!-- Generated by org.testng.reporters.JUnitReportReporter -->
<testsuite hostname="daniel-Inspiron-15-7000-Gaming" failures="0" tests="3" name="User.repository.RolUserRepositoryTest" time="0.026" errors="0" timestamp="2020-10-29T21:14:54 CST" skipped="0">
  <testcase classname="User.repository.RolUserRepositoryTest" name="getRolUser" time="0.014"/>
  <testcase classname="User.repository.RolUserRepositoryTest" name="getRolUserWithId" time="0.010"/>
  <testcase classname="User.repository.RolUserRepositoryTest" name="getRolUserWithName" time="0.002"/>
</testsuite> <!-- User.repository.RolUserRepositoryTest -->
