<?xml version="1.0" encoding="UTF-8"?>
<!-- Generated by org.testng.reporters.JUnitReportReporter -->
<testsuite hostname="daniel-inspiron157000gaming" failures="0" tests="4" name="Group.GroupUserTest" time="0.000" errors="0" timestamp="2020-08-19T23:49:52 CST" skipped="0">
  <testcase classname="Group.GroupUserTest" name="testSetAndGetIdGroupAdmissionDate" time="0.000"/>
  <testcase classname="Group.GroupUserTest" name="testSetAndGetUser" time="0.000"/>
  <testcase classname="Group.GroupUserTest" name="testSetAndGetIdGroupUser" time="0.000"/>
  <testcase classname="Group.GroupUserTest" name="testSetAndGetGroup" time="0.000"/>
</testsuite> <!-- Group.GroupUserTest -->
