<?xml version="1.0" encoding="UTF-8"?>
<!-- Generated by org.testng.reporters.JUnitReportReporter -->
<testsuite hostname="daniel-Inspiron-15-7000-Gaming" failures="0" tests="4" name="Group.service.GroupServiceTest" time="0.010" errors="0" timestamp="2020-10-29T21:14:54 CST" skipped="0">
  <testcase classname="Group.service.GroupServiceTest" name="updateGroupSectionAndInformationTest" time="0.001"/>
  <testcase classname="Group.service.GroupServiceTest" name="updateGroupSectionTest" time="0.001"/>
  <testcase classname="Group.service.GroupServiceTest" name="createGroupTest" time="0.002"/>
  <testcase classname="Group.service.GroupServiceTest" name="updateGroupInformationTest" time="0.006"/>
</testsuite> <!-- Group.service.GroupServiceTest -->
