<?xml version="1.0" encoding="UTF-8"?>
<!-- Generated by org.testng.reporters.JUnitReportReporter -->
<<<<<<< HEAD
<testsuite hostname="daniel-inspiron157000gaming" failures="0" tests="7" name="User.repository.UserRepositoryTest" time="0.009" errors="0" timestamp="2020-08-20T18:29:49 CST" skipped="0">
  <testcase classname="User.repository.UserRepositoryTest" name="getUserWithIdCareer" time="0.001"/>
  <testcase classname="User.repository.UserRepositoryTest" name="getUserWithNameTest" time="0.001"/>
  <testcase classname="User.repository.UserRepositoryTest" name="getUserWithStateTest" time="0.001"/>
  <testcase classname="User.repository.UserRepositoryTest" name="getUseTest" time="0.001"/>
  <testcase classname="User.repository.UserRepositoryTest" name="getUserByCarnetTest" time="0.001"/>
  <testcase classname="User.repository.UserRepositoryTest" name="getUserByCarnetEmptyTest" time="0.003"/>
  <testcase classname="User.repository.UserRepositoryTest" name="getUserWithCarnetTest" time="0.001"/>
=======
<testsuite skipped="0" hostname="angelrg-ASUS" name="User.repository.UserRepositoryTest" tests="6" failures="0" timestamp="2020-08-20T03:10:57 CST" time="0.030" errors="0">
  <testcase name="getUserWithNameTest" time="0.002" classname="User.repository.UserRepositoryTest"/>
  <testcase name="getUserByCarnetTest" time="0.001" classname="User.repository.UserRepositoryTest"/>
  <testcase name="getUserWithStateTest" time="0.002" classname="User.repository.UserRepositoryTest"/>
  <testcase name="getUserByCarnetEmptyTest" time="0.005" classname="User.repository.UserRepositoryTest"/>
  <testcase name="getUserWithCarnetTest" time="0.010" classname="User.repository.UserRepositoryTest"/>
  <testcase name="getUseTest" time="0.010" classname="User.repository.UserRepositoryTest"/>
>>>>>>> dev
</testsuite> <!-- User.repository.UserRepositoryTest -->
