<?xml version="1.0" encoding="UTF-8"?>
<!-- Generated by org.testng.reporters.JUnitReportReporter -->
<testsuite skipped="0" hostname="angelrg-ASUS" name="User.repository.CareerRepositoryTest" tests="3" failures="0" timestamp="2020-08-16T00:39:25 CST" time="0.011" errors="0">
  <testcase name="getCareerWithName" time="0.003" classname="User.repository.CareerRepositoryTest"/>
  <testcase name="getCareer" time="0.005" classname="User.repository.CareerRepositoryTest"/>
  <testcase name="getCareerWithId" time="0.003" classname="User.repository.CareerRepositoryTest"/>
</testsuite> <!-- User.repository.CareerRepositoryTest -->
