<?xml version="1.0" encoding="UTF-8"?>
<!-- Generated by org.testng.reporters.JUnitReportReporter -->
<testsuite hostname="daniel-inspiron157000gaming" failures="0" tests="3" name="Production.ProductTest" time="0.000" errors="0" timestamp="2020-05-31T19:29:35 CST" skipped="0">
  <testcase classname="Production.ProductTest" name="testSetAndGetName" time="0.000"/>
  <testcase classname="Production.ProductTest" name="testSetAndGetDescription" time="0.000"/>
  <testcase classname="Production.ProductTest" name="testSetAndGetIdProduct" time="0.000"/>
</testsuite> <!-- Production.ProductTest -->
