<?xml version="1.0" encoding="UTF-8"?>
<!-- Generated by org.testng.reporters.JUnitReportReporter -->
<testsuite hostname="daniel-inspiron157000gaming" failures="0" tests="7" name="User.repository.UserRepositoryTest" time="0.009" errors="0" timestamp="2020-05-16T08:21:11 CST" skipped="0">
  <testcase classname="User.repository.UserRepositoryTest" name="getUseTest" time="0.002"/>
  <testcase classname="User.repository.UserRepositoryTest" name="getUserByCarnetEmptyTest" time="0.003"/>
  <testcase classname="User.repository.UserRepositoryTest" name="getUserByCarnetTest" time="0.000"/>
  <testcase classname="User.repository.UserRepositoryTest" name="getUserWithIdCareer" time="0.001"/>
  <testcase classname="User.repository.UserRepositoryTest" name="getUserWithNameTest" time="0.001"/>
  <testcase classname="User.repository.UserRepositoryTest" name="getUserWithCarnetTest" time="0.001"/>
  <testcase classname="User.repository.UserRepositoryTest" name="getUserWithStateTest" time="0.001"/>
</testsuite> <!-- User.repository.UserRepositoryTest -->
