<?xml version="1.0" encoding="UTF-8"?>
<!-- Generated by org.testng.reporters.JUnitReportReporter -->
<<<<<<< HEAD
<testsuite hostname="daniel-inspiron157000gaming" failures="0" tests="6" name="User.facade.UserFacadeTest" time="0.002" errors="0" timestamp="2020-08-20T18:29:49 CST" skipped="0">
  <testcase classname="User.facade.UserFacadeTest" name="updateCareerTest" time="0.000"/>
  <testcase classname="User.facade.UserFacadeTest" name="createCareerTest" time="0.000"/>
  <testcase classname="User.facade.UserFacadeTest" name="updateUserTest" time="0.000"/>
  <testcase classname="User.facade.UserFacadeTest" name="createUserTest" time="0.001"/>
  <testcase classname="User.facade.UserFacadeTest" name="getUserTest" time="0.001"/>
  <testcase classname="User.facade.UserFacadeTest" name="getCareerTest" time="0.000"/>
=======
<testsuite skipped="0" hostname="angelrg-ASUS" name="User.facade.UserFacadeTest" tests="6" failures="0" timestamp="2020-08-20T03:10:56 CST" time="0.003" errors="0">
  <testcase name="createCareerTest" time="0.000" classname="User.facade.UserFacadeTest"/>
  <testcase name="getCareerTest" time="0.001" classname="User.facade.UserFacadeTest"/>
  <testcase name="updateCareerTest" time="0.000" classname="User.facade.UserFacadeTest"/>
  <testcase name="getUserTest" time="0.000" classname="User.facade.UserFacadeTest"/>
  <testcase name="createUserTest" time="0.001" classname="User.facade.UserFacadeTest"/>
  <testcase name="updateUserTest" time="0.001" classname="User.facade.UserFacadeTest"/>
>>>>>>> dev
</testsuite> <!-- User.facade.UserFacadeTest -->
