<?xml version="1.0" encoding="UTF-8"?>
<!-- Generated by org.testng.reporters.JUnitReportReporter -->
<testsuite hostname="daniel-inspiron157000gaming" failures="0" tests="2" name="Production.repository.ProductionRepositoryTest" time="0.003" errors="0" timestamp="2020-08-15T20:13:33 CST" skipped="0">
  <testcase classname="Production.repository.ProductionRepositoryTest" name="findProductionLikeNameTest" time="0.002"/>
  <testcase classname="Production.repository.ProductionRepositoryTest" name="AllProductionsTest" time="0.001"/>
</testsuite> <!-- Production.repository.ProductionRepositoryTest -->
