<?xml version="1.0" encoding="UTF-8"?>
<!-- Generated by org.testng.reporters.JUnitReportReporter -->
<testsuite hostname="daniel-Inspiron-15-7000-Gaming" failures="0" tests="4" name="User.service.CareerServiceTest" time="0.002" errors="0" timestamp="2020-10-29T21:14:54 CST" skipped="0">
  <testcase classname="User.service.CareerServiceTest" name="createCareerNullTest" time="0.000"/>
  <testcase classname="User.service.CareerServiceTest" name="updateCareerTest" time="0.001"/>
  <testcase classname="User.service.CareerServiceTest" name="updateCareerNullTest" time="0.001"/>
  <testcase classname="User.service.CareerServiceTest" name="createCareerTest" time="0.000"/>
</testsuite> <!-- User.service.CareerServiceTest -->
