<?xml version="1.0" encoding="UTF-8"?>
<!-- Generated by org.testng.reporters.JUnitReportReporter -->
<testsuite skipped="0" hostname="angelrg-ASUS" name="User.repository.UserRepositoryTest" tests="7" failures="0" timestamp="2020-08-13T10:52:20 CST" time="0.031" errors="0">
  <testcase name="getUserWithStateTest" time="0.002" classname="User.repository.UserRepositoryTest"/>
  <testcase name="getUserWithCarnetTest" time="0.009" classname="User.repository.UserRepositoryTest"/>
  <testcase name="getUserWithNameTest" time="0.002" classname="User.repository.UserRepositoryTest"/>
  <testcase name="getUserByCarnetEmptyTest" time="0.005" classname="User.repository.UserRepositoryTest"/>
  <testcase name="getUseTest" time="0.010" classname="User.repository.UserRepositoryTest"/>
  <testcase name="getUserWithIdCareer" time="0.002" classname="User.repository.UserRepositoryTest"/>
  <testcase name="getUserByCarnetTest" time="0.001" classname="User.repository.UserRepositoryTest"/>
</testsuite> <!-- User.repository.UserRepositoryTest -->
