<?xml version="1.0" encoding="UTF-8"?>
<!-- Generated by org.testng.reporters.JUnitReportReporter -->
<<<<<<< HEAD
<testsuite hostname="daniel-inspiron157000gaming" failures="0" tests="8" name="User.UserTest" time="0.000" errors="0" timestamp="2020-08-20T18:29:49 CST" skipped="0">
  <testcase classname="User.UserTest" name="setAndGetEmail" time="0.000"/>
  <testcase classname="User.UserTest" name="setAndGetCareer" time="0.000"/>
  <testcase classname="User.UserTest" name="setAndGetRoluser" time="0.000"/>
  <testcase classname="User.UserTest" name="setAndGetPassword" time="0.000"/>
  <testcase classname="User.UserTest" name="setAndGetState" time="0.000"/>
  <testcase classname="User.UserTest" name="setAndGetName" time="0.000"/>
  <testcase classname="User.UserTest" name="setAndGetPhone" time="0.000"/>
  <testcase classname="User.UserTest" name="setAndGetCarnet" time="0.000"/>
=======
<testsuite skipped="0" hostname="angelrg-ASUS" name="User.UserTest" tests="8" failures="0" timestamp="2020-08-20T03:10:56 CST" time="0.002" errors="0">
  <testcase name="setAndGetCareer" time="0.000" classname="User.UserTest"/>
  <testcase name="setAndGetState" time="0.000" classname="User.UserTest"/>
  <testcase name="setAndGetPassword" time="0.000" classname="User.UserTest"/>
  <testcase name="setAndGetCarnet" time="0.000" classname="User.UserTest"/>
  <testcase name="setAndGetName" time="0.000" classname="User.UserTest"/>
  <testcase name="setAndGetPhone" time="0.001" classname="User.UserTest"/>
  <testcase name="setAndGetRoluser" time="0.001" classname="User.UserTest"/>
  <testcase name="setAndGetEmail" time="0.000" classname="User.UserTest"/>
>>>>>>> dev
</testsuite> <!-- User.UserTest -->
