<?xml version="1.0" encoding="UTF-8"?>
<!-- Generated by org.testng.reporters.JUnitReportReporter -->
<testsuite hostname="daniel-Inspiron-15-7000-Gaming" failures="0" tests="2" name="Supply.repository.MeasureRepositoryTest" time="0.145" errors="0" timestamp="2020-10-29T21:14:54 CST" skipped="0">
  <testcase classname="Supply.repository.MeasureRepositoryTest" name="getMeasuresTestNoEmpty" time="0.002"/>
  <testcase classname="Supply.repository.MeasureRepositoryTest" name="getMeasuresTestEmpty" time="0.143"/>
</testsuite> <!-- Supply.repository.MeasureRepositoryTest -->
