<?xml version="1.0" encoding="UTF-8"?>
<!-- Generated by org.testng.reporters.JUnitReportReporter -->
<testsuite hostname="daniel-inspiron157000gaming" failures="0" tests="3" name="Production.service.CommentaryServiceTest" time="0.004" errors="0" timestamp="2020-06-22T17:06:11 CST" skipped="0">
  <testcase classname="Production.service.CommentaryServiceTest" name="updateCommentaryTextTest" time="0.000"/>
  <testcase classname="Production.service.CommentaryServiceTest" name="createCommentaryTest" time="0.001"/>
  <testcase classname="Production.service.CommentaryServiceTest" name="updateCommentaryStageIdTest" time="0.003"/>
</testsuite> <!-- Production.service.CommentaryServiceTest -->
