<?xml version="1.0" encoding="UTF-8"?>
<!-- Generated by org.testng.reporters.JUnitReportReporter -->
<<<<<<< HEAD
<testsuite hostname="daniel-inspiron157000gaming" failures="0" tests="4" name="User.service.CareerServiceTest" time="0.001" errors="0" timestamp="2020-08-20T18:29:49 CST" skipped="0">
  <testcase classname="User.service.CareerServiceTest" name="updateCareerNullTest" time="0.000"/>
  <testcase classname="User.service.CareerServiceTest" name="updateCareerTest" time="0.000"/>
  <testcase classname="User.service.CareerServiceTest" name="createCareerTest" time="0.001"/>
  <testcase classname="User.service.CareerServiceTest" name="createCareerNullTest" time="0.000"/>
=======
<testsuite skipped="0" hostname="angelrg-ASUS" name="User.service.CareerServiceTest" tests="4" failures="0" timestamp="2020-08-20T03:10:57 CST" time="0.001" errors="0">
  <testcase name="createCareerTest" time="0.000" classname="User.service.CareerServiceTest"/>
  <testcase name="updateCareerTest" time="0.000" classname="User.service.CareerServiceTest"/>
  <testcase name="updateCareerNullTest" time="0.000" classname="User.service.CareerServiceTest"/>
  <testcase name="createCareerNullTest" time="0.001" classname="User.service.CareerServiceTest"/>
>>>>>>> dev
</testsuite> <!-- User.service.CareerServiceTest -->
