<?xml version="1.0" encoding="UTF-8"?>
<!-- Generated by org.testng.reporters.JUnitReportReporter -->
<testsuite hostname="daniel-Inspiron-15-7000-Gaming" failures="0" tests="5" name="Production.service.ProductionServiceTest" time="0.002" errors="0" timestamp="2020-10-29T21:14:54 CST" skipped="0">
  <testcase classname="Production.service.ProductionServiceTest" name="MandatoryAttributeProductionExceptionNameCreate" time="0.000"/>
  <testcase classname="Production.service.ProductionServiceTest" name="MandatoryAttributeProductionExceptionDateEdit" time="0.001"/>
  <testcase classname="Production.service.ProductionServiceTest" name="MandatoryAttributeProductionExceptionNameEdit" time="0.000"/>
  <testcase classname="Production.service.ProductionServiceTest" name="editProductionTest" time="0.001"/>
  <testcase classname="Production.service.ProductionServiceTest" name="MandatoryAttributeProductionExceptionUnityCreate" time="0.000"/>
</testsuite> <!-- Production.service.ProductionServiceTest -->
