<?xml version="1.0" encoding="UTF-8"?>
<!-- Generated by org.testng.reporters.JUnitReportReporter -->
<<<<<<< HEAD
<testsuite hostname="daniel-inspiron157000gaming" failures="0" tests="4" name="Group.GroupUserTest" time="0.000" errors="0" timestamp="2020-08-20T18:29:49 CST" skipped="0">
  <testcase classname="Group.GroupUserTest" name="testSetAndGetIdGroupAdmissionDate" time="0.000"/>
  <testcase classname="Group.GroupUserTest" name="testSetAndGetUser" time="0.000"/>
  <testcase classname="Group.GroupUserTest" name="testSetAndGetIdGroupUser" time="0.000"/>
  <testcase classname="Group.GroupUserTest" name="testSetAndGetGroup" time="0.000"/>
=======
<testsuite skipped="0" hostname="angelrg-ASUS" name="Group.GroupUserTest" tests="4" failures="0" timestamp="2020-08-20T03:10:56 CST" time="0.003" errors="0">
  <testcase name="testSetAndGetUser" time="0.000" classname="Group.GroupUserTest"/>
  <testcase name="testSetAndGetIdGroupUser" time="0.000" classname="Group.GroupUserTest"/>
  <testcase name="testSetAndGetIdGroupAdmissionDate" time="0.001" classname="Group.GroupUserTest"/>
  <testcase name="testSetAndGetGroup" time="0.002" classname="Group.GroupUserTest"/>
>>>>>>> dev
</testsuite> <!-- Group.GroupUserTest -->
