<?xml version="1.0" encoding="UTF-8"?>
<!-- Generated by org.testng.reporters.JUnitReportReporter -->
<testsuite skipped="0" hostname="angelrg-ASUS" name="Group.GroupTest" tests="3" failures="0" timestamp="2020-08-14T19:03:47 CST" time="0.001" errors="0">
  <testcase name="testSetAndGetSection" time="0.000" classname="Group.GroupTest"/>
  <testcase name="testSetAndGetInformation" time="0.000" classname="Group.GroupTest"/>
  <testcase name="testSetAndGetIdGroup" time="0.001" classname="Group.GroupTest"/>
</testsuite> <!-- Group.GroupTest -->
