<?xml version="1.0" encoding="UTF-8"?>
<!-- Generated by org.testng.reporters.JUnitReportReporter -->
<testsuite hostname="daniel-inspiron157000gaming" failures="0" tests="3" name="Group.service.GroupUserServiceTest" time="0.005" errors="0" timestamp="2020-05-16T08:21:11 CST" skipped="0">
  <testcase classname="Group.service.GroupUserServiceTest" name="removeUserFromGroupSuccessTest" time="0.001"/>
  <testcase classname="Group.service.GroupUserServiceTest" name="createGroupUserTest" time="0.003"/>
  <testcase classname="Group.service.GroupUserServiceTest" name="updateUserGroupTest" time="0.001"/>
</testsuite> <!-- Group.service.GroupUserServiceTest -->
