<?xml version="1.0" encoding="UTF-8"?>
<!-- Generated by org.testng.reporters.JUnitReportReporter -->
<testsuite skipped="0" hostname="angelrg-ASUS" name="Production.NecessarySupplyTest" tests="2" failures="0" timestamp="2020-08-13T10:52:20 CST" time="0.002" errors="0">
  <testcase name="testSetAndGetIdDesign" time="0.002" classname="Production.NecessarySupplyTest"/>
  <testcase name="testSetAndGetIdNecessarySupply" time="0.000" classname="Production.NecessarySupplyTest"/>
</testsuite> <!-- Production.NecessarySupplyTest -->
