<?xml version="1.0" encoding="UTF-8"?>
<!-- Generated by org.testng.reporters.JUnitReportReporter -->
<testsuite skipped="0" hostname="DESKTOP-C9MDD9E" name="Production.StepTest" tests="6" failures="0" timestamp="2020-09-19T11:34:36 CST" time="0.000" errors="0">
  <testcase name="stageBuilderTest" time="0.000" classname="Production.StepTest"/>
  <testcase name="testSetAndGetDescription" time="0.000" classname="Production.StepTest"/>
  <testcase name="testSetAndGetStageId" time="0.000" classname="Production.StepTest"/>
  <testcase name="testSetAndGetIdStep" time="0.000" classname="Production.StepTest"/>
  <testcase name="testEquals" time="0.000" classname="Production.StepTest"/>
  <testcase name="testSetAndGetName" time="0.000" classname="Production.StepTest"/>
</testsuite> <!-- Production.StepTest -->
