<?xml version="1.0" encoding="UTF-8"?>
<!-- Generated by org.testng.reporters.JUnitReportReporter -->
<testsuite skipped="0" hostname="angelrg-ASUS" name="User.repository.CareerRepositoryTest" tests="3" failures="0" timestamp="2020-08-14T19:03:46 CST" time="0.013" errors="0">
  <testcase name="getCareerWithName" time="0.006" classname="User.repository.CareerRepositoryTest"/>
  <testcase name="getCareer" time="0.003" classname="User.repository.CareerRepositoryTest"/>
  <testcase name="getCareerWithId" time="0.004" classname="User.repository.CareerRepositoryTest"/>
</testsuite> <!-- User.repository.CareerRepositoryTest -->
