<?xml version="1.0" encoding="UTF-8"?>
<!-- Generated by org.testng.reporters.JUnitReportReporter -->
<testsuite hostname="daniel-inspiron157000gaming" failures="0" tests="2" name="Supply.repository.MeasureRepositoryTest" time="0.067" errors="0" timestamp="2020-06-22T17:06:11 CST" skipped="0">
  <testcase classname="Supply.repository.MeasureRepositoryTest" name="getMeasuresTestEmpty" time="0.066"/>
  <testcase classname="Supply.repository.MeasureRepositoryTest" name="getMeasuresTestNoEmpty" time="0.001"/>
</testsuite> <!-- Supply.repository.MeasureRepositoryTest -->
