<?xml version="1.0" encoding="UTF-8"?>
<!-- Generated by org.testng.reporters.JUnitReportReporter -->
<testsuite skipped="0" hostname="DESKTOP-C9MDD9E" name="Production.CommentaryTest" tests="3" failures="0" timestamp="2020-09-19T11:34:36 CST" time="0.001" errors="0">
  <testcase name="testSetAndGetText" time="0.000" classname="Production.CommentaryTest"/>
  <testcase name="testSetAndGetIdCommentary" time="0.001" classname="Production.CommentaryTest"/>
  <testcase name="testSetAndGetPaso" time="0.000" classname="Production.CommentaryTest"/>
</testsuite> <!-- Production.CommentaryTest -->
