<?xml version="1.0" encoding="UTF-8"?>
<!-- Generated by org.testng.reporters.JUnitReportReporter -->
<<<<<<< HEAD
<testsuite hostname="daniel-inspiron157000gaming" failures="0" tests="6" name="Production.StageTest" time="0.001" errors="0" timestamp="2020-08-20T18:29:49 CST" skipped="0">
  <testcase classname="Production.StageTest" name="testSetAndGetName" time="0.000"/>
  <testcase classname="Production.StageTest" name="testEquals" time="0.000"/>
  <testcase classname="Production.StageTest" name="stageBuilderTest" time="0.000"/>
  <testcase classname="Production.StageTest" name="testSetAndGetIdStage" time="0.001"/>
  <testcase classname="Production.StageTest" name="testSetAndGetProductionId" time="0.000"/>
  <testcase classname="Production.StageTest" name="testSetAndGetDescription" time="0.000"/>
=======
<testsuite skipped="0" hostname="angelrg-ASUS" name="Production.StageTest" tests="6" failures="0" timestamp="2020-08-20T03:10:57 CST" time="0.001" errors="0">
  <testcase name="testSetAndGetProductionId" time="0.000" classname="Production.StageTest"/>
  <testcase name="testSetAndGetIdStage" time="0.000" classname="Production.StageTest"/>
  <testcase name="testEquals" time="0.001" classname="Production.StageTest"/>
  <testcase name="testSetAndGetName" time="0.000" classname="Production.StageTest"/>
  <testcase name="stageBuilderTest" time="0.000" classname="Production.StageTest"/>
  <testcase name="testSetAndGetDescription" time="0.000" classname="Production.StageTest"/>
>>>>>>> dev
</testsuite> <!-- Production.StageTest -->
