<?xml version="1.0" encoding="UTF-8"?>
<!-- Generated by org.testng.reporters.JUnitReportReporter -->
<testsuite hostname="daniel-Inspiron-15-7000-Gaming" failures="0" tests="2" name="Production.repository.ProductionRepositoryTest" time="0.002" errors="0" timestamp="2020-10-29T21:14:54 CST" skipped="0">
  <testcase classname="Production.repository.ProductionRepositoryTest" name="AllProductionsTest" time="0.001"/>
  <testcase classname="Production.repository.ProductionRepositoryTest" name="findProductionLikeNameTest" time="0.001"/>
</testsuite> <!-- Production.repository.ProductionRepositoryTest -->
