<?xml version="1.0" encoding="UTF-8"?>
<!-- Generated by org.testng.reporters.JUnitReportReporter -->
<testsuite skipped="0" hostname="angelrg-ASUS" name="Production.repository.ProductionRepositoryTest" tests="2" failures="0" timestamp="2020-08-14T19:03:46 CST" time="0.004" errors="0">
  <testcase name="AllProductionsTest" time="0.002" classname="Production.repository.ProductionRepositoryTest"/>
  <testcase name="findProductionLikeNameTest" time="0.002" classname="Production.repository.ProductionRepositoryTest"/>
</testsuite> <!-- Production.repository.ProductionRepositoryTest -->
