<?xml version="1.0" encoding="UTF-8"?>
<!-- Generated by org.testng.reporters.JUnitReportReporter -->
<<<<<<< HEAD
<testsuite hostname="daniel-inspiron157000gaming" failures="0" tests="5" name="Production.service.ProductionServiceTest" time="0.001" errors="0" timestamp="2020-08-20T18:29:49 CST" skipped="0">
  <testcase classname="Production.service.ProductionServiceTest" name="MandatoryAttributeProductionExceptionUnityCreate" time="0.000"/>
  <testcase classname="Production.service.ProductionServiceTest" name="MandatoryAttributeProductionExceptionDateEdit" time="0.000"/>
  <testcase classname="Production.service.ProductionServiceTest" name="MandatoryAttributeProductionExceptionNameEdit" time="0.000"/>
  <testcase classname="Production.service.ProductionServiceTest" name="MandatoryAttributeProductionExceptionNameCreate" time="0.001"/>
  <testcase classname="Production.service.ProductionServiceTest" name="editProductionTest" time="0.000"/>
=======
<testsuite skipped="0" hostname="angelrg-ASUS" name="Production.service.ProductionServiceTest" tests="5" failures="0" timestamp="2020-08-20T03:10:56 CST" time="0.001" errors="0">
  <testcase name="MandatoryAttributeProductionExceptionNameCreate" time="0.000" classname="Production.service.ProductionServiceTest"/>
  <testcase name="MandatoryAttributeProductionExceptionNameEdit" time="0.001" classname="Production.service.ProductionServiceTest"/>
  <testcase name="MandatoryAttributeProductionExceptionUnityCreate" time="0.000" classname="Production.service.ProductionServiceTest"/>
  <testcase name="editProductionTest" time="0.000" classname="Production.service.ProductionServiceTest"/>
  <testcase name="MandatoryAttributeProductionExceptionDateEdit" time="0.000" classname="Production.service.ProductionServiceTest"/>
>>>>>>> dev
</testsuite> <!-- Production.service.ProductionServiceTest -->
