<?xml version="1.0" encoding="UTF-8"?>
<!-- Generated by org.testng.reporters.JUnitReportReporter -->
<testsuite skipped="0" hostname="angelrg-ASUS" name="User.service.UserServiceTest" tests="4" failures="0" timestamp="2020-08-16T00:39:25 CST" time="0.005" errors="0">
  <testcase name="createUserTest" time="0.003" classname="User.service.UserServiceTest"/>
  <testcase name="createUserNullTest" time="0.001" classname="User.service.UserServiceTest"/>
  <testcase name="updateUserTest" time="0.001" classname="User.service.UserServiceTest"/>
  <testcase name="updateUserNullTest" time="0.000" classname="User.service.UserServiceTest"/>
</testsuite> <!-- User.service.UserServiceTest -->
