<?xml version="1.0" encoding="UTF-8"?>
<!-- Generated by org.testng.reporters.JUnitReportReporter -->
<testsuite skipped="0" hostname="daniel-inspiron157000gaming" name="Modify.repository.ModifySupplyRepositoryTest" tests="4" failures="0" timestamp="2020-07-08T00:11:31 CST" time="0.046" errors="0">
  <testcase name="getMidificationByUserTest" time="0.001" classname="Modify.repository.ModifySupplyRepositoryTest"/>
  <testcase name="getAllTest" time="0.012" classname="Modify.repository.ModifySupplyRepositoryTest"/>
  <testcase name="getMidificationBySupplyTest" time="0.001" classname="Modify.repository.ModifySupplyRepositoryTest"/>
  <testcase name="findByIdTest" time="0.032" classname="Modify.repository.ModifySupplyRepositoryTest"/>
</testsuite> <!-- Modify.repository.ModifySupplyRepositoryTest -->
