<?xml version="1.0" encoding="UTF-8"?>
<!-- Generated by org.testng.reporters.JUnitReportReporter -->
<testsuite hostname="daniel-Inspiron-15-7000-Gaming" failures="0" tests="3" name="Production.service.NecessarySupplyServiceTest" time="0.008" errors="0" timestamp="2020-10-29T21:14:54 CST" skipped="0">
  <testcase classname="Production.service.NecessarySupplyServiceTest" name="updateNecessarySupplyIdSupplyTest" time="0.001"/>
  <testcase classname="Production.service.NecessarySupplyServiceTest" name="updateNecessarySupplyIdStepTest" time="0.005"/>
  <testcase classname="Production.service.NecessarySupplyServiceTest" name="createNecessarySupply" time="0.002"/>
</testsuite> <!-- Production.service.NecessarySupplyServiceTest -->
