<?xml version="1.0" encoding="UTF-8"?>
<!-- Generated by org.testng.reporters.JUnitReportReporter -->
<testsuite skipped="0" hostname="angelrg-ASUS" name="Group.service.GroupUserServiceTest" tests="3" failures="0" timestamp="2020-08-14T19:03:46 CST" time="0.002" errors="0">
  <testcase name="createGroupUserTest" time="0.002" classname="Group.service.GroupUserServiceTest"/>
  <testcase name="updateUserGroupTest" time="0.000" classname="Group.service.GroupUserServiceTest"/>
  <testcase name="removeUserFromGroupSuccessTest" time="0.000" classname="Group.service.GroupUserServiceTest"/>
</testsuite> <!-- Group.service.GroupUserServiceTest -->
