<?xml version="1.0" encoding="UTF-8"?>
<!-- Generated by org.testng.reporters.JUnitReportReporter -->
<testsuite skipped="0" hostname="DESKTOP-C9MDD9E" name="Production.repository.ProductRepositoryTest" tests="3" failures="0" timestamp="2020-09-19T11:34:36 CST" time="0.001" errors="0">
  <testcase name="getProductByIdtWithResult" time="0.000" classname="Production.repository.ProductRepositoryTest"/>
  <testcase name="getAllWithResult" time="0.000" classname="Production.repository.ProductRepositoryTest"/>
  <testcase name="getAllWithNoResult" time="0.001" classname="Production.repository.ProductRepositoryTest"/>
</testsuite> <!-- Production.repository.ProductRepositoryTest -->
