<?xml version="1.0" encoding="UTF-8"?>
<!-- Generated by org.testng.reporters.JUnitReportReporter -->
<testsuite skipped="0" hostname="DESKTOP-C9MDD9E" name="Supply.repository.MeasureRepositoryTest" tests="2" failures="0" timestamp="2020-09-19T11:34:36 CST" time="0.006" errors="0">
  <testcase name="getMeasuresTestEmpty" time="0.005" classname="Supply.repository.MeasureRepositoryTest"/>
  <testcase name="getMeasuresTestNoEmpty" time="0.001" classname="Supply.repository.MeasureRepositoryTest"/>
</testsuite> <!-- Supply.repository.MeasureRepositoryTest -->
