<?xml version="1.0" encoding="UTF-8"?>
<!-- Generated by org.testng.reporters.JUnitReportReporter -->
<testsuite hostname="daniel-inspiron157000gaming" failures="0" tests="2" name="Production.NecessarySupplyTest" time="0.001" errors="0" timestamp="2020-08-20T18:29:49 CST" skipped="0">
  <testcase classname="Production.NecessarySupplyTest" name="testSetAndGetIdDesign" time="0.001"/>
  <testcase classname="Production.NecessarySupplyTest" name="testSetAndGetIdNecessarySupply" time="0.000"/>
</testsuite> <!-- Production.NecessarySupplyTest -->
