<?xml version="1.0" encoding="UTF-8"?>
<!-- Generated by org.testng.reporters.JUnitReportReporter -->
<testsuite hostname="daniel-inspiron157000gaming" failures="0" tests="6" name="Production.repository.CommentaryRepositoryTest" time="0.006" errors="0" timestamp="2020-05-31T19:29:35 CST" skipped="0">
  <testcase classname="Production.repository.CommentaryRepositoryTest" name="getCommentaryByStageWithNoResult" time="0.001"/>
  <testcase classname="Production.repository.CommentaryRepositoryTest" name="getCommentaryByIdResultWithNoResult" time="0.001"/>
  <testcase classname="Production.repository.CommentaryRepositoryTest" name="getAllWithResult" time="0.000"/>
  <testcase classname="Production.repository.CommentaryRepositoryTest" name="getAllWithNoResult" time="0.002"/>
  <testcase classname="Production.repository.CommentaryRepositoryTest" name="getCommentaryByIdResultWithResult" time="0.001"/>
  <testcase classname="Production.repository.CommentaryRepositoryTest" name="getCommentaryByStageWithResult" time="0.001"/>
</testsuite> <!-- Production.repository.CommentaryRepositoryTest -->
