<?xml version="1.0" encoding="UTF-8"?>
<!-- Generated by org.testng.reporters.JUnitReportReporter -->
<testsuite hostname="daniel-inspiron157000gaming" failures="0" tests="3" name="Production.repository.ProductRepositoryTest" time="0.002" errors="0" timestamp="2020-08-15T20:13:33 CST" skipped="0">
  <testcase classname="Production.repository.ProductRepositoryTest" name="getProductByIdtWithResult" time="0.000"/>
  <testcase classname="Production.repository.ProductRepositoryTest" name="getAllWithNoResult" time="0.002"/>
  <testcase classname="Production.repository.ProductRepositoryTest" name="getAllWithResult" time="0.000"/>
</testsuite> <!-- Production.repository.ProductRepositoryTest -->
