<?xml version="1.0" encoding="UTF-8"?>
<!-- Generated by org.testng.reporters.JUnitReportReporter -->
<<<<<<< HEAD
<testsuite hostname="daniel-inspiron157000gaming" failures="0" tests="3" name="Production.ProductTest" time="0.002" errors="0" timestamp="2020-08-20T18:29:49 CST" skipped="0">
  <testcase classname="Production.ProductTest" name="testSetAndGetIdProduct" time="0.000"/>
  <testcase classname="Production.ProductTest" name="testSetAndGetName" time="0.001"/>
  <testcase classname="Production.ProductTest" name="testSetAndGetDescription" time="0.001"/>
=======
<testsuite skipped="0" hostname="angelrg-ASUS" name="Production.ProductTest" tests="3" failures="0" timestamp="2020-08-20T03:10:57 CST" time="0.002" errors="0">
  <testcase name="testSetAndGetDescription" time="0.001" classname="Production.ProductTest"/>
  <testcase name="testSetAndGetIdProduct" time="0.001" classname="Production.ProductTest"/>
  <testcase name="testSetAndGetName" time="0.000" classname="Production.ProductTest"/>
>>>>>>> dev
</testsuite> <!-- Production.ProductTest -->
