<?xml version="1.0" encoding="UTF-8"?>
<!-- Generated by org.testng.reporters.JUnitReportReporter -->
<testsuite hostname="daniel-inspiron157000gaming" failures="0" tests="4" name="User.service.UserServiceTest" time="0.002" errors="0" timestamp="2020-08-15T20:13:33 CST" skipped="0">
  <testcase classname="User.service.UserServiceTest" name="createUserTest" time="0.001"/>
  <testcase classname="User.service.UserServiceTest" name="updateUserTest" time="0.000"/>
  <testcase classname="User.service.UserServiceTest" name="createUserNullTest" time="0.001"/>
  <testcase classname="User.service.UserServiceTest" name="updateUserNullTest" time="0.000"/>
</testsuite> <!-- User.service.UserServiceTest -->
