<?xml version="1.0" encoding="UTF-8"?>
<!-- Generated by org.testng.reporters.JUnitReportReporter -->
<testsuite skipped="0" hostname="angelrg-ASUS" name="User.service.CareerServiceTest" tests="4" failures="0" timestamp="2020-08-16T21:31:54 CST" time="0.003" errors="0">
  <testcase name="updateCareerNullTest" time="0.000" classname="User.service.CareerServiceTest"/>
  <testcase name="createCareerNullTest" time="0.001" classname="User.service.CareerServiceTest"/>
  <testcase name="createCareerTest" time="0.001" classname="User.service.CareerServiceTest"/>
  <testcase name="updateCareerTest" time="0.001" classname="User.service.CareerServiceTest"/>
</testsuite> <!-- User.service.CareerServiceTest -->
