<?xml version="1.0" encoding="UTF-8"?>
<!-- Generated by org.testng.reporters.JUnitReportReporter -->
<testsuite skipped="0" hostname="angelrg-ASUS" name="Production.StepTest" tests="6" failures="0" timestamp="2020-08-20T03:10:56 CST" time="0.007" errors="0">
  <testcase name="testSetAndGetIdStep" time="0.002" classname="Production.StepTest"/>
  <testcase name="stageBuilderTest" time="0.000" classname="Production.StepTest"/>
  <testcase name="testSetAndGetName" time="0.001" classname="Production.StepTest"/>
  <testcase name="testSetAndGetDescription" time="0.002" classname="Production.StepTest"/>
  <testcase name="testEquals" time="0.001" classname="Production.StepTest"/>
  <testcase name="testSetAndGetStageId" time="0.001" classname="Production.StepTest"/>
</testsuite> <!-- Production.StepTest -->
