<?xml version="1.0" encoding="UTF-8"?>
<!-- Generated by org.testng.reporters.JUnitReportReporter -->
<testsuite skipped="0" hostname="angelrg-ASUS" name="Group.service.GroupServiceTest" tests="4" failures="0" timestamp="2020-08-13T10:52:20 CST" time="0.008" errors="0">
  <testcase name="updateGroupInformationTest" time="0.004" classname="Group.service.GroupServiceTest"/>
  <testcase name="updateGroupSectionTest" time="0.001" classname="Group.service.GroupServiceTest"/>
  <testcase name="updateGroupSectionAndInformationTest" time="0.001" classname="Group.service.GroupServiceTest"/>
  <testcase name="createGroupTest" time="0.002" classname="Group.service.GroupServiceTest"/>
</testsuite> <!-- Group.service.GroupServiceTest -->
