<?xml version="1.0" encoding="UTF-8"?>
<!-- Generated by org.testng.reporters.JUnitReportReporter -->
<testsuite hostname="daniel-inspiron157000gaming" failures="0" tests="3" name="User.repository.CareerRepositoryTest" time="0.006" errors="0" timestamp="2020-05-16T08:21:11 CST" skipped="0">
  <testcase classname="User.repository.CareerRepositoryTest" name="getCareerWithName" time="0.002"/>
  <testcase classname="User.repository.CareerRepositoryTest" name="getCareerWithId" time="0.002"/>
  <testcase classname="User.repository.CareerRepositoryTest" name="getCareer" time="0.002"/>
</testsuite> <!-- User.repository.CareerRepositoryTest -->
