<?xml version="1.0" encoding="UTF-8"?>
<!-- Generated by org.testng.reporters.JUnitReportReporter -->
<testsuite hostname="daniel-inspiron157000gaming" failures="0" tests="1" name="Group.repository.GroupUserRepositoryTest" time="0.003" errors="0" timestamp="2020-08-19T23:49:51 CST" skipped="0">
  <testcase classname="Group.repository.GroupUserRepositoryTest" name="findByIdTestWithResult" time="0.003"/>
</testsuite> <!-- Group.repository.GroupUserRepositoryTest -->
