<?xml version="1.0" encoding="UTF-8"?>
<!-- Generated by org.testng.reporters.JUnitReportReporter -->
<testsuite skipped="0" hostname="angelrg-ASUS" name="Production.repository.StageRepositoryTest" tests="4" failures="0" timestamp="2020-08-16T21:31:54 CST" time="0.004" errors="0">
  <testcase name="FindByIdProductionTest" time="0.001" classname="Production.repository.StageRepositoryTest"/>
  <testcase name="AllProductionsTest" time="0.001" classname="Production.repository.StageRepositoryTest"/>
  <testcase name="FindByIdProductionNoResultExceptionTest" time="0.001" classname="Production.repository.StageRepositoryTest"/>
  <testcase name="findProductionLikeNameTest" time="0.001" classname="Production.repository.StageRepositoryTest"/>
</testsuite> <!-- Production.repository.StageRepositoryTest -->
