<?xml version="1.0" encoding="UTF-8"?>
<!-- Generated by org.testng.reporters.JUnitReportReporter -->
<testsuite hostname="daniel-inspiron157000gaming" failures="0" tests="4" name="Group.repository.GroupRepositoryTest" time="0.004" errors="0" timestamp="2020-08-20T16:31:04 CST" skipped="0">
  <testcase classname="Group.repository.GroupRepositoryTest" name="findByIdWithNoResult" time="0.002"/>
  <testcase classname="Group.repository.GroupRepositoryTest" name="getAllWithResult" time="0.001"/>
  <testcase classname="Group.repository.GroupRepositoryTest" name="getAllEmptyResult" time="0.001"/>
  <testcase classname="Group.repository.GroupRepositoryTest" name="findByIdWithResult" time="0.000"/>
</testsuite> <!-- Group.repository.GroupRepositoryTest -->
