<?xml version="1.0" encoding="UTF-8"?>
<!-- Generated by org.testng.reporters.JUnitReportReporter -->
<testsuite hostname="daniel-inspiron157000gaming" failures="0" tests="4" name="Modify.repository.ModifySupplyRepositoryTest" time="0.045" errors="0" timestamp="2020-05-31T19:29:35 CST" skipped="0">
  <testcase classname="Modify.repository.ModifySupplyRepositoryTest" name="getAllTest" time="0.011"/>
  <testcase classname="Modify.repository.ModifySupplyRepositoryTest" name="findByIdTest" time="0.032"/>
  <testcase classname="Modify.repository.ModifySupplyRepositoryTest" name="getMidificationBySupplyTest" time="0.001"/>
  <testcase classname="Modify.repository.ModifySupplyRepositoryTest" name="getMidificationByUserTest" time="0.001"/>
</testsuite> <!-- Modify.repository.ModifySupplyRepositoryTest -->
