<?xml version="1.0" encoding="UTF-8"?>
<!-- Generated by org.testng.reporters.JUnitReportReporter -->
<<<<<<< HEAD
<testsuite hostname="daniel-inspiron157000gaming" failures="0" tests="1" name="Group.repository.GroupUserRepositoryTest" time="0.001" errors="0" timestamp="2020-08-20T18:29:49 CST" skipped="0">
  <testcase classname="Group.repository.GroupUserRepositoryTest" name="findByIdTestWithResult" time="0.001"/>
=======
<testsuite skipped="0" hostname="angelrg-ASUS" name="Group.repository.GroupUserRepositoryTest" tests="1" failures="0" timestamp="2020-08-20T03:10:56 CST" time="0.002" errors="0">
  <testcase name="findByIdTestWithResult" time="0.002" classname="Group.repository.GroupUserRepositoryTest"/>
>>>>>>> dev
</testsuite> <!-- Group.repository.GroupUserRepositoryTest -->
