<?xml version="1.0" encoding="UTF-8"?>
<!-- Generated by org.testng.reporters.JUnitReportReporter -->
<testsuite hostname="daniel-inspiron157000gaming" failures="0" tests="3" name="Production.service.StageServiceTest" time="0.001" errors="0" timestamp="2020-05-16T08:21:11 CST" skipped="0">
  <testcase classname="Production.service.StageServiceTest" name="editProductionTest" time="0.000"/>
  <testcase classname="Production.service.StageServiceTest" name="MandatoryAttributeProductionExceptionUnityEdit" time="0.000"/>
  <testcase classname="Production.service.StageServiceTest" name="MandatoryAttributeProductionExceptionNameEdit" time="0.001"/>
</testsuite> <!-- Production.service.StageServiceTest -->
