<?xml version="1.0" encoding="UTF-8"?>
<!-- Generated by org.testng.reporters.JUnitReportReporter -->
<testsuite hostname="daniel-inspiron157000gaming" failures="0" tests="8" name="Production.ProductionTest" time="0.002" errors="0" timestamp="2020-08-20T18:29:49 CST" skipped="0">
  <testcase classname="Production.ProductionTest" name="testEquals" time="0.000"/>
  <testcase classname="Production.ProductionTest" name="testSetAndGetState" time="0.000"/>
  <testcase classname="Production.ProductionTest" name="testSetAndGetName" time="0.000"/>
  <testcase classname="Production.ProductionTest" name="testSetAndGetUnity" time="0.000"/>
  <testcase classname="Production.ProductionTest" name="testSetAndGetProduct" time="0.000"/>
  <testcase classname="Production.ProductionTest" name="productionBuilderTest" time="0.000"/>
  <testcase classname="Production.ProductionTest" name="testSetAndQuantit" time="0.001"/>
  <testcase classname="Production.ProductionTest" name="testSetAndGetIdProduction" time="0.001"/>
</testsuite> <!-- Production.ProductionTest -->
