<?xml version="1.0" encoding="UTF-8"?>
<!-- Generated by org.testng.reporters.JUnitReportReporter -->
<testsuite skipped="0" hostname="daniel-inspiron157000gaming" name="Production.service.NecessarySupplyServiceTest" tests="3" failures="0" timestamp="2020-07-08T00:11:31 CST" time="0.007" errors="0">
  <testcase name="createNecessarySupply" time="0.001" classname="Production.service.NecessarySupplyServiceTest"/>
  <testcase name="updateNecessarySupplyIdStepTest" time="0.005" classname="Production.service.NecessarySupplyServiceTest"/>
  <testcase name="updateNecessarySupplyIdSupplyTest" time="0.001" classname="Production.service.NecessarySupplyServiceTest"/>
</testsuite> <!-- Production.service.NecessarySupplyServiceTest -->
