<?xml version="1.0" encoding="UTF-8"?>
<!-- Generated by org.testng.reporters.JUnitReportReporter -->
<testsuite skipped="0" hostname="DESKTOP-C9MDD9E" name="User.facade.UserFacadeTest" tests="6" failures="0" timestamp="2020-09-19T11:34:36 CST" time="0.002" errors="0">
  <testcase name="createUserTest" time="0.001" classname="User.facade.UserFacadeTest"/>
  <testcase name="getUserTest" time="0.000" classname="User.facade.UserFacadeTest"/>
  <testcase name="updateUserTest" time="0.000" classname="User.facade.UserFacadeTest"/>
  <testcase name="updateCareerTest" time="0.000" classname="User.facade.UserFacadeTest"/>
  <testcase name="getCareerTest" time="0.000" classname="User.facade.UserFacadeTest"/>
  <testcase name="createCareerTest" time="0.001" classname="User.facade.UserFacadeTest"/>
</testsuite> <!-- User.facade.UserFacadeTest -->
