<?xml version="1.0" encoding="UTF-8"?>
<!-- Generated by org.testng.reporters.JUnitReportReporter -->
<testsuite hostname="daniel-Inspiron-15-7000-Gaming" failures="0" tests="8" name="Production.ProductionTest" time="0.002" errors="0" timestamp="2020-10-29T21:14:54 CST" skipped="0">
  <testcase classname="Production.ProductionTest" name="testSetAndGetState" time="0.000"/>
  <testcase classname="Production.ProductionTest" name="testSetAndGetName" time="0.000"/>
  <testcase classname="Production.ProductionTest" name="testSetAndQuantit" time="0.000"/>
  <testcase classname="Production.ProductionTest" name="testEquals" time="0.000"/>
  <testcase classname="Production.ProductionTest" name="testSetAndGetUnity" time="0.001"/>
  <testcase classname="Production.ProductionTest" name="testSetAndGetProduct" time="0.001"/>
  <testcase classname="Production.ProductionTest" name="testSetAndGetIdProduction" time="0.000"/>
  <testcase classname="Production.ProductionTest" name="productionBuilderTest" time="0.000"/>
</testsuite> <!-- Production.ProductionTest -->
