<?xml version="1.0" encoding="UTF-8"?>
<!-- Generated by org.testng.reporters.JUnitReportReporter -->
<testsuite skipped="0" hostname="angelrg-ASUS" name="Modify.service.ModifySupplyServiceTest" tests="1" failures="0" timestamp="2020-08-16T00:39:25 CST" time="0.003" errors="0">
  <testcase name="createModifySupplyTest" time="0.003" classname="Modify.service.ModifySupplyServiceTest"/>
</testsuite> <!-- Modify.service.ModifySupplyServiceTest -->
