<?xml version="1.0" encoding="UTF-8"?>
<!-- Generated by org.testng.reporters.JUnitReportReporter -->
<testsuite hostname="daniel-inspiron157000gaming" failures="0" tests="8" name="User.UserTest" time="0.001" errors="0" timestamp="2020-05-16T08:21:11 CST" skipped="0">
  <testcase classname="User.UserTest" name="setAndGetState" time="0.000"/>
  <testcase classname="User.UserTest" name="setAndGetName" time="0.000"/>
  <testcase classname="User.UserTest" name="setAndGetCareer" time="0.001"/>
  <testcase classname="User.UserTest" name="setAndGetCarnet" time="0.000"/>
  <testcase classname="User.UserTest" name="setAndGetPhone" time="0.000"/>
  <testcase classname="User.UserTest" name="setAndGetEmail" time="0.000"/>
  <testcase classname="User.UserTest" name="setAndGetRoluser" time="0.000"/>
  <testcase classname="User.UserTest" name="setAndGetPassword" time="0.000"/>
</testsuite> <!-- User.UserTest -->
