<?xml version="1.0" encoding="UTF-8"?>
<!-- Generated by org.testng.reporters.JUnitReportReporter -->
<testsuite skipped="0" hostname="angelrg-ASUS" name="Production.repository.NecessarySupplyRepositoryTest" tests="8" failures="0" timestamp="2020-08-14T19:03:47 CST" time="0.023" errors="0">
  <testcase name="getNecessarySupplyByStepWithNoResult" time="0.003" classname="Production.repository.NecessarySupplyRepositoryTest"/>
  <testcase name="getNecessarySupplyBySupplyWithResult" time="0.001" classname="Production.repository.NecessarySupplyRepositoryTest"/>
  <testcase name="getAllWithResult" time="0.005" classname="Production.repository.NecessarySupplyRepositoryTest"/>
  <testcase name="getNecessarySupplyByIdWithNoResult" time="0.004" classname="Production.repository.NecessarySupplyRepositoryTest"/>
  <testcase name="getNecessarySupplyByIdWithResult" time="0.003" classname="Production.repository.NecessarySupplyRepositoryTest"/>
  <testcase name="getAllWithNoResult" time="0.003" classname="Production.repository.NecessarySupplyRepositoryTest"/>
  <testcase name="getNecessarySupplyByStepWithResult" time="0.002" classname="Production.repository.NecessarySupplyRepositoryTest"/>
  <testcase name="getNecessarySupplyBySupplyWithNoResult" time="0.002" classname="Production.repository.NecessarySupplyRepositoryTest"/>
</testsuite> <!-- Production.repository.NecessarySupplyRepositoryTest -->
