<?xml version="1.0" encoding="UTF-8"?>
<!-- Generated by org.testng.reporters.JUnitReportReporter -->
<testsuite hostname="daniel-inspiron157000gaming" failures="0" tests="4" name="Production.repository.StepRepositoryTest" time="0.015" errors="0" timestamp="2020-05-31T19:29:35 CST" skipped="0">
  <testcase classname="Production.repository.StepRepositoryTest" name="findProductionLikeNameTest" time="0.001"/>
  <testcase classname="Production.repository.StepRepositoryTest" name="AllProductionsTest" time="0.009"/>
  <testcase classname="Production.repository.StepRepositoryTest" name="FindByIdProductionTest" time="0.001"/>
  <testcase classname="Production.repository.StepRepositoryTest" name="FindByIdProductionNoResultExceptionTest" time="0.004"/>
</testsuite> <!-- Production.repository.StepRepositoryTest -->
