<?xml version="1.0" encoding="UTF-8"?>
<!-- Generated by org.testng.reporters.JUnitReportReporter -->
<<<<<<< HEAD
<testsuite hostname="daniel-inspiron157000gaming" failures="0" tests="3" name="Production.service.NecessarySupplyServiceTest" time="0.007" errors="0" timestamp="2020-08-20T18:29:49 CST" skipped="0">
  <testcase classname="Production.service.NecessarySupplyServiceTest" name="createNecessarySupply" time="0.001"/>
  <testcase classname="Production.service.NecessarySupplyServiceTest" name="updateNecessarySupplyIdSupplyTest" time="0.001"/>
  <testcase classname="Production.service.NecessarySupplyServiceTest" name="updateNecessarySupplyIdStepTest" time="0.005"/>
=======
<testsuite skipped="0" hostname="angelrg-ASUS" name="Production.service.NecessarySupplyServiceTest" tests="3" failures="0" timestamp="2020-08-20T03:10:57 CST" time="0.008" errors="0">
  <testcase name="createNecessarySupply" time="0.003" classname="Production.service.NecessarySupplyServiceTest"/>
  <testcase name="updateNecessarySupplyIdSupplyTest" time="0.000" classname="Production.service.NecessarySupplyServiceTest"/>
  <testcase name="updateNecessarySupplyIdStepTest" time="0.005" classname="Production.service.NecessarySupplyServiceTest"/>
>>>>>>> dev
</testsuite> <!-- Production.service.NecessarySupplyServiceTest -->
