<?xml version="1.0" encoding="UTF-8"?>
<!-- Generated by org.testng.reporters.JUnitReportReporter -->
<testsuite skipped="0" hostname="angelrg-ASUS" name="Production.ProductTest" tests="3" failures="0" timestamp="2020-08-16T17:55:26 CST" time="0.002" errors="0">
  <testcase name="testSetAndGetName" time="0.001" classname="Production.ProductTest"/>
  <testcase name="testSetAndGetIdProduct" time="0.000" classname="Production.ProductTest"/>
  <testcase name="testSetAndGetDescription" time="0.001" classname="Production.ProductTest"/>
</testsuite> <!-- Production.ProductTest -->
