<?xml version="1.0" encoding="UTF-8"?>
<!-- Generated by org.testng.reporters.JUnitReportReporter -->
<testsuite skipped="0" hostname="daniel-inspiron157000gaming" name="Production.repository.StepRepositoryTest" tests="4" failures="0" timestamp="2020-07-08T00:11:31 CST" time="0.011" errors="0">
  <testcase name="AllProductionsTest" time="0.007" classname="Production.repository.StepRepositoryTest"/>
  <testcase name="FindByIdProductionNoResultExceptionTest" time="0.002" classname="Production.repository.StepRepositoryTest"/>
  <testcase name="findProductionLikeNameTest" time="0.001" classname="Production.repository.StepRepositoryTest"/>
  <testcase name="FindByIdProductionTest" time="0.001" classname="Production.repository.StepRepositoryTest"/>
</testsuite> <!-- Production.repository.StepRepositoryTest -->
