<?xml version="1.0" encoding="UTF-8"?>
<!-- Generated by org.testng.reporters.JUnitReportReporter -->
<<<<<<< HEAD
<testsuite hostname="daniel-inspiron157000gaming" failures="0" tests="3" name="Production.service.CommentaryServiceTest" time="0.006" errors="0" timestamp="2020-08-20T18:29:49 CST" skipped="0">
  <testcase classname="Production.service.CommentaryServiceTest" name="updateCommentaryTextTest" time="0.001"/>
  <testcase classname="Production.service.CommentaryServiceTest" name="updateCommentaryStageIdTest" time="0.004"/>
  <testcase classname="Production.service.CommentaryServiceTest" name="createCommentaryTest" time="0.001"/>
=======
<testsuite skipped="0" hostname="angelrg-ASUS" name="Production.service.CommentaryServiceTest" tests="3" failures="0" timestamp="2020-08-20T03:10:56 CST" time="0.007" errors="0">
  <testcase name="updateCommentaryStageIdTest" time="0.005" classname="Production.service.CommentaryServiceTest"/>
  <testcase name="createCommentaryTest" time="0.002" classname="Production.service.CommentaryServiceTest"/>
  <testcase name="updateCommentaryTextTest" time="0.000" classname="Production.service.CommentaryServiceTest"/>
>>>>>>> dev
</testsuite> <!-- Production.service.CommentaryServiceTest -->
