<?xml version="1.0" encoding="UTF-8"?>
<!-- Generated by org.testng.reporters.JUnitReportReporter -->
<testsuite hostname="daniel-inspiron157000gaming" failures="0" tests="5" name="Production.service.ProductionServiceTest" time="0.003" errors="0" timestamp="2020-05-16T08:21:11 CST" skipped="0">
  <testcase classname="Production.service.ProductionServiceTest" name="MandatoryAttributeProductionExceptionDateEdit" time="0.001"/>
  <testcase classname="Production.service.ProductionServiceTest" name="MandatoryAttributeProductionExceptionNameCreate" time="0.001"/>
  <testcase classname="Production.service.ProductionServiceTest" name="MandatoryAttributeProductionExceptionNameEdit" time="0.000"/>
  <testcase classname="Production.service.ProductionServiceTest" name="editProductionTest" time="0.001"/>
  <testcase classname="Production.service.ProductionServiceTest" name="MandatoryAttributeProductionExceptionUnityCreate" time="0.000"/>
</testsuite> <!-- Production.service.ProductionServiceTest -->
