<?xml version="1.0" encoding="UTF-8"?>
<!-- Generated by org.testng.reporters.JUnitReportReporter -->
<testsuite skipped="0" hostname="DESKTOP-C9MDD9E" name="Production.service.StepServiceTest" tests="1" failures="0" timestamp="2020-09-19T11:34:36 CST" time="0.000" errors="0">
  <testcase name="editTest" time="0.000" classname="Production.service.StepServiceTest"/>
</testsuite> <!-- Production.service.StepServiceTest -->
