<?xml version="1.0" encoding="UTF-8"?>
<!-- Generated by org.testng.reporters.JUnitReportReporter -->
<<<<<<< HEAD
<testsuite hostname="daniel-inspiron157000gaming" failures="0" tests="3" name="Group.GroupTest" time="0.001" errors="0" timestamp="2020-08-20T18:29:49 CST" skipped="0">
  <testcase classname="Group.GroupTest" name="testSetAndGetSection" time="0.000"/>
  <testcase classname="Group.GroupTest" name="testSetAndGetInformation" time="0.000"/>
  <testcase classname="Group.GroupTest" name="testSetAndGetIdGroup" time="0.001"/>
=======
<testsuite skipped="0" hostname="angelrg-ASUS" name="Group.GroupTest" tests="3" failures="0" timestamp="2020-08-20T03:10:57 CST" time="0.000" errors="0">
  <testcase name="testSetAndGetSection" time="0.000" classname="Group.GroupTest"/>
  <testcase name="testSetAndGetInformation" time="0.000" classname="Group.GroupTest"/>
  <testcase name="testSetAndGetIdGroup" time="0.000" classname="Group.GroupTest"/>
>>>>>>> dev
</testsuite> <!-- Group.GroupTest -->
