<?xml version="1.0" encoding="UTF-8"?>
<!-- Generated by org.testng.reporters.JUnitReportReporter -->
<testsuite hostname="daniel-inspiron157000gaming" failures="0" tests="8" name="Production.repository.NecessarySupplyRepositoryTest" time="0.008" errors="0" timestamp="2020-05-31T19:29:35 CST" skipped="0">
  <testcase classname="Production.repository.NecessarySupplyRepositoryTest" name="getNecessarySupplyByStepWithNoResult" time="0.000"/>
  <testcase classname="Production.repository.NecessarySupplyRepositoryTest" name="getAllWithResult" time="0.001"/>
  <testcase classname="Production.repository.NecessarySupplyRepositoryTest" name="getNecessarySupplyByIdWithNoResult" time="0.001"/>
  <testcase classname="Production.repository.NecessarySupplyRepositoryTest" name="getNecessarySupplyByIdWithResult" time="0.001"/>
  <testcase classname="Production.repository.NecessarySupplyRepositoryTest" name="getNecessarySupplyBySupplyWithNoResult" time="0.001"/>
  <testcase classname="Production.repository.NecessarySupplyRepositoryTest" name="getNecessarySupplyBySupplyWithResult" time="0.001"/>
  <testcase classname="Production.repository.NecessarySupplyRepositoryTest" name="getNecessarySupplyByStepWithResult" time="0.001"/>
  <testcase classname="Production.repository.NecessarySupplyRepositoryTest" name="getAllWithNoResult" time="0.002"/>
</testsuite> <!-- Production.repository.NecessarySupplyRepositoryTest -->
