<?xml version="1.0" encoding="UTF-8"?>
<!-- Generated by org.testng.reporters.JUnitReportReporter -->
<testsuite skipped="0" hostname="daniel-inspiron157000gaming" name="Supply.MeasureTest" tests="3" failures="0" timestamp="2020-07-08T00:11:31 CST" time="0.001" errors="0">
  <testcase name="testSetAndGetIdMeasure" time="0.000" classname="Supply.MeasureTest"/>
  <testcase name="testSetAndGetName" time="0.001" classname="Supply.MeasureTest"/>
  <testcase name="testSetAndGetCollectionSupply" time="0.000" classname="Supply.MeasureTest"/>
</testsuite> <!-- Supply.MeasureTest -->
