<?xml version="1.0" encoding="UTF-8"?>
<!-- Generated by org.testng.reporters.JUnitReportReporter -->
<<<<<<< HEAD
<testsuite hostname="daniel-inspiron157000gaming" failures="0" tests="10" name="Supply.SupplyTest" time="0.003" errors="0" timestamp="2020-08-20T18:29:49 CST" skipped="0">
  <testcase classname="Supply.SupplyTest" name="testSetAndGetQuantity" time="0.000"/>
  <testcase classname="Supply.SupplyTest" name="testSetAndGetInternalCode" time="0.000"/>
  <testcase classname="Supply.SupplyTest" name="testSetAndGetAvailability" time="0.000"/>
  <testcase classname="Supply.SupplyTest" name="testSetAndGetMeasure" time="0.000"/>
  <testcase classname="Supply.SupplyTest" name="testSetAndGetName" time="0.001"/>
  <testcase classname="Supply.SupplyTest" name="testSetAndGetDateOfAdmission" time="0.000"/>
  <testcase classname="Supply.SupplyTest" name="testSetAndGetDescription" time="0.000"/>
  <testcase classname="Supply.SupplyTest" name="testSetAndGetExpirationDate" time="0.001"/>
  <testcase classname="Supply.SupplyTest" name="testSetAndGetCost" time="0.001"/>
  <testcase classname="Supply.SupplyTest" name="testSetAndGetCode" time="0.000"/>
=======
<testsuite skipped="0" hostname="angelrg-ASUS" name="Supply.SupplyTest" tests="10" failures="0" timestamp="2020-08-20T03:10:56 CST" time="0.002" errors="0">
  <testcase name="testSetAndGetName" time="0.000" classname="Supply.SupplyTest"/>
  <testcase name="testSetAndGetAvailability" time="0.000" classname="Supply.SupplyTest"/>
  <testcase name="testSetAndGetMeasure" time="0.001" classname="Supply.SupplyTest"/>
  <testcase name="testSetAndGetExpirationDate" time="0.000" classname="Supply.SupplyTest"/>
  <testcase name="testSetAndGetQuantity" time="0.000" classname="Supply.SupplyTest"/>
  <testcase name="testSetAndGetInternalCode" time="0.000" classname="Supply.SupplyTest"/>
  <testcase name="testSetAndGetCode" time="0.000" classname="Supply.SupplyTest"/>
  <testcase name="testSetAndGetDescription" time="0.000" classname="Supply.SupplyTest"/>
  <testcase name="testSetAndGetDateOfAdmission" time="0.001" classname="Supply.SupplyTest"/>
  <testcase name="testSetAndGetCost" time="0.000" classname="Supply.SupplyTest"/>
>>>>>>> dev
</testsuite> <!-- Supply.SupplyTest -->
