<?xml version="1.0" encoding="UTF-8"?>
<!-- Generated by org.testng.reporters.JUnitReportReporter -->
<<<<<<< HEAD
<testsuite hostname="daniel-inspiron157000gaming" failures="0" tests="3" name="Production.CommentaryTest" time="0.000" errors="0" timestamp="2020-08-20T18:29:49 CST" skipped="0">
  <testcase classname="Production.CommentaryTest" name="testSetAndGetIdCommentary" time="0.000"/>
  <testcase classname="Production.CommentaryTest" name="testSetAndGetPaso" time="0.000"/>
  <testcase classname="Production.CommentaryTest" name="testSetAndGetText" time="0.000"/>
=======
<testsuite skipped="0" hostname="angelrg-ASUS" name="Production.CommentaryTest" tests="3" failures="0" timestamp="2020-08-20T03:10:57 CST" time="0.000" errors="0">
  <testcase name="testSetAndGetPaso" time="0.000" classname="Production.CommentaryTest"/>
  <testcase name="testSetAndGetIdCommentary" time="0.000" classname="Production.CommentaryTest"/>
  <testcase name="testSetAndGetText" time="0.000" classname="Production.CommentaryTest"/>
>>>>>>> dev
</testsuite> <!-- Production.CommentaryTest -->
