<?xml version="1.0" encoding="UTF-8"?>
<!-- Generated by org.testng.reporters.JUnitReportReporter -->
<testsuite skipped="0" hostname="DESKTOP-C9MDD9E" name="Group.GroupUserTest" tests="4" failures="0" timestamp="2020-09-19T11:34:36 CST" time="0.002" errors="0">
  <testcase name="testSetAndGetGroup" time="0.002" classname="Group.GroupUserTest"/>
  <testcase name="testSetAndGetUser" time="0.000" classname="Group.GroupUserTest"/>
  <testcase name="testSetAndGetIdGroupAdmissionDate" time="0.000" classname="Group.GroupUserTest"/>
  <testcase name="testSetAndGetIdGroupUser" time="0.000" classname="Group.GroupUserTest"/>
</testsuite> <!-- Group.GroupUserTest -->
