<?xml version="1.0" encoding="UTF-8"?>
<!-- Generated by org.testng.reporters.JUnitReportReporter -->
<<<<<<< HEAD
<testsuite hostname="daniel-inspiron157000gaming" failures="0" tests="4" name="Modify.repository.ModifySupplyRepositoryTest" time="0.050" errors="0" timestamp="2020-08-20T18:29:49 CST" skipped="0">
  <testcase classname="Modify.repository.ModifySupplyRepositoryTest" name="getMidificationBySupplyTest" time="0.001"/>
  <testcase classname="Modify.repository.ModifySupplyRepositoryTest" name="getMidificationByUserTest" time="0.001"/>
  <testcase classname="Modify.repository.ModifySupplyRepositoryTest" name="findByIdTest" time="0.032"/>
  <testcase classname="Modify.repository.ModifySupplyRepositoryTest" name="getAllTest" time="0.016"/>
=======
<testsuite skipped="0" hostname="angelrg-ASUS" name="Modify.repository.ModifySupplyRepositoryTest" tests="4" failures="0" timestamp="2020-08-20T03:10:56 CST" time="0.017" errors="0">
  <testcase name="getAllTest" time="0.012" classname="Modify.repository.ModifySupplyRepositoryTest"/>
  <testcase name="getMidificationBySupplyTest" time="0.001" classname="Modify.repository.ModifySupplyRepositoryTest"/>
  <testcase name="getMidificationByUserTest" time="0.001" classname="Modify.repository.ModifySupplyRepositoryTest"/>
  <testcase name="findByIdTest" time="0.003" classname="Modify.repository.ModifySupplyRepositoryTest"/>
>>>>>>> dev
</testsuite> <!-- Modify.repository.ModifySupplyRepositoryTest -->
