<?xml version="1.0" encoding="UTF-8"?>
<!-- Generated by org.testng.reporters.JUnitReportReporter -->
<testsuite skipped="0" hostname="DESKTOP-C9MDD9E" name="Group.repository.GroupUserRepositoryTest" tests="1" failures="0" timestamp="2020-09-19T11:34:36 CST" time="0.002" errors="0">
  <testcase name="findByIdTestWithResult" time="0.002" classname="Group.repository.GroupUserRepositoryTest"/>
</testsuite> <!-- Group.repository.GroupUserRepositoryTest -->
