<?xml version="1.0" encoding="UTF-8"?>
<!-- Generated by org.testng.reporters.JUnitReportReporter -->
<testsuite skipped="0" hostname="angelrg-ASUS" name="Group.repository.GroupUserRepositoryTest" tests="1" failures="0" timestamp="2020-08-13T10:52:20 CST" time="0.002" errors="0">
  <testcase name="findByIdTestWithResult" time="0.002" classname="Group.repository.GroupUserRepositoryTest"/>
</testsuite> <!-- Group.repository.GroupUserRepositoryTest -->
