<?xml version="1.0" encoding="UTF-8"?>
<!-- Generated by org.testng.reporters.JUnitReportReporter -->
<<<<<<< HEAD
<testsuite hostname="daniel-inspiron157000gaming" failures="0" tests="2" name="Production.NecessarySupplyTest" time="0.001" errors="0" timestamp="2020-08-20T18:29:49 CST" skipped="0">
  <testcase classname="Production.NecessarySupplyTest" name="testSetAndGetIdDesign" time="0.001"/>
  <testcase classname="Production.NecessarySupplyTest" name="testSetAndGetIdNecessarySupply" time="0.000"/>
=======
<testsuite skipped="0" hostname="angelrg-ASUS" name="Production.NecessarySupplyTest" tests="2" failures="0" timestamp="2020-08-20T03:10:56 CST" time="0.002" errors="0">
  <testcase name="testSetAndGetIdNecessarySupply" time="0.000" classname="Production.NecessarySupplyTest"/>
  <testcase name="testSetAndGetIdDesign" time="0.002" classname="Production.NecessarySupplyTest"/>
>>>>>>> dev
</testsuite> <!-- Production.NecessarySupplyTest -->
