<?xml version="1.0" encoding="UTF-8"?>
<!-- Generated by org.testng.reporters.JUnitReportReporter -->
<testsuite hostname="daniel-inspiron157000gaming" failures="0" tests="2" name="User.CareerTest" time="0.001" errors="0" timestamp="2020-08-15T20:13:33 CST" skipped="0">
  <testcase classname="User.CareerTest" name="testSetAndGetName" time="0.000"/>
  <testcase classname="User.CareerTest" name="testSetAndGetIdCareer" time="0.001"/>
</testsuite> <!-- User.CareerTest -->
