<?xml version="1.0" encoding="UTF-8"?>
<!-- Generated by org.testng.reporters.JUnitReportReporter -->
<testsuite skipped="0" hostname="daniel-inspiron157000gaming" name="User.repository.UserRepositoryTest" tests="7" failures="0" timestamp="2020-07-08T00:11:31 CST" time="0.007" errors="0">
  <testcase name="getUserByCarnetTest" time="0.000" classname="User.repository.UserRepositoryTest"/>
  <testcase name="getUserWithStateTest" time="0.001" classname="User.repository.UserRepositoryTest"/>
  <testcase name="getUserWithNameTest" time="0.001" classname="User.repository.UserRepositoryTest"/>
  <testcase name="getUserWithIdCareer" time="0.001" classname="User.repository.UserRepositoryTest"/>
  <testcase name="getUseTest" time="0.001" classname="User.repository.UserRepositoryTest"/>
  <testcase name="getUserWithCarnetTest" time="0.000" classname="User.repository.UserRepositoryTest"/>
  <testcase name="getUserByCarnetEmptyTest" time="0.003" classname="User.repository.UserRepositoryTest"/>
</testsuite> <!-- User.repository.UserRepositoryTest -->
