<?xml version="1.0" encoding="UTF-8"?>
<!-- Generated by org.testng.reporters.JUnitReportReporter -->
<<<<<<< HEAD
<testsuite hostname="daniel-inspiron157000gaming" failures="0" tests="1" name="Production.service.StepServiceTest" time="0.000" errors="0" timestamp="2020-08-20T18:29:49 CST" skipped="0">
  <testcase classname="Production.service.StepServiceTest" name="editTest" time="0.000"/>
=======
<testsuite skipped="0" hostname="angelrg-ASUS" name="Production.service.StepServiceTest" tests="1" failures="0" timestamp="2020-08-20T03:10:56 CST" time="0.001" errors="0">
  <testcase name="editTest" time="0.001" classname="Production.service.StepServiceTest"/>
>>>>>>> dev
</testsuite> <!-- Production.service.StepServiceTest -->
