<?xml version="1.0" encoding="UTF-8"?>
<!-- Generated by org.testng.reporters.JUnitReportReporter -->
<testsuite skipped="0" hostname="DESKTOP-C9MDD9E" name="Production.repository.NecessarySupplyRepositoryTest" tests="8" failures="0" timestamp="2020-09-19T11:34:36 CST" time="0.004" errors="0">
  <testcase name="getNecessarySupplyBySupplyWithResult" time="0.001" classname="Production.repository.NecessarySupplyRepositoryTest"/>
  <testcase name="getAllWithResult" time="0.000" classname="Production.repository.NecessarySupplyRepositoryTest"/>
  <testcase name="getNecessarySupplyByStepWithResult" time="0.000" classname="Production.repository.NecessarySupplyRepositoryTest"/>
  <testcase name="getNecessarySupplyBySupplyWithNoResult" time="0.001" classname="Production.repository.NecessarySupplyRepositoryTest"/>
  <testcase name="getNecessarySupplyByIdWithResult" time="0.000" classname="Production.repository.NecessarySupplyRepositoryTest"/>
  <testcase name="getNecessarySupplyByIdWithNoResult" time="0.000" classname="Production.repository.NecessarySupplyRepositoryTest"/>
  <testcase name="getAllWithNoResult" time="0.002" classname="Production.repository.NecessarySupplyRepositoryTest"/>
  <testcase name="getNecessarySupplyByStepWithNoResult" time="0.000" classname="Production.repository.NecessarySupplyRepositoryTest"/>
</testsuite> <!-- Production.repository.NecessarySupplyRepositoryTest -->
