<?xml version="1.0" encoding="UTF-8"?>
<!-- Generated by org.testng.reporters.JUnitReportReporter -->
<testsuite skipped="0" hostname="DESKTOP-C9MDD9E" name="User.repository.UserRepositoryTest" tests="6" failures="0" timestamp="2020-09-19T11:34:36 CST" time="0.012" errors="0">
  <testcase name="getUseTest" time="0.002" classname="User.repository.UserRepositoryTest"/>
  <testcase name="getUserWithStateTest" time="0.001" classname="User.repository.UserRepositoryTest"/>
  <testcase name="getUserByCarnetEmptyTest" time="0.004" classname="User.repository.UserRepositoryTest"/>
  <testcase name="getUserWithNameTest" time="0.002" classname="User.repository.UserRepositoryTest"/>
  <testcase name="getUserWithCarnetTest" time="0.002" classname="User.repository.UserRepositoryTest"/>
  <testcase name="getUserByCarnetTest" time="0.001" classname="User.repository.UserRepositoryTest"/>
</testsuite> <!-- User.repository.UserRepositoryTest -->
