<?xml version="1.0" encoding="UTF-8"?>
<!-- Generated by org.testng.reporters.JUnitReportReporter -->
<testsuite skipped="0" hostname="angelrg-ASUS" name="Modify.repository.ModifySupplyRepositoryTest" tests="4" failures="0" timestamp="2020-08-20T03:10:56 CST" time="0.017" errors="0">
  <testcase name="getAllTest" time="0.012" classname="Modify.repository.ModifySupplyRepositoryTest"/>
  <testcase name="getMidificationBySupplyTest" time="0.001" classname="Modify.repository.ModifySupplyRepositoryTest"/>
  <testcase name="getMidificationByUserTest" time="0.001" classname="Modify.repository.ModifySupplyRepositoryTest"/>
  <testcase name="findByIdTest" time="0.003" classname="Modify.repository.ModifySupplyRepositoryTest"/>
</testsuite> <!-- Modify.repository.ModifySupplyRepositoryTest -->
