<?xml version="1.0" encoding="UTF-8"?>
<!-- Generated by org.testng.reporters.JUnitReportReporter -->
<testsuite skipped="0" hostname="DESKTOP-C9MDD9E" name="Production.repository.CommentaryRepositoryTest" tests="6" failures="0" timestamp="2020-09-19T11:34:36 CST" time="0.007" errors="0">
  <testcase name="getCommentaryByIdResultWithNoResult" time="0.001" classname="Production.repository.CommentaryRepositoryTest"/>
  <testcase name="getAllWithNoResult" time="0.003" classname="Production.repository.CommentaryRepositoryTest"/>
  <testcase name="getAllWithResult" time="0.001" classname="Production.repository.CommentaryRepositoryTest"/>
  <testcase name="getCommentaryByIdResultWithResult" time="0.001" classname="Production.repository.CommentaryRepositoryTest"/>
  <testcase name="getCommentaryByStageWithNoResult" time="0.001" classname="Production.repository.CommentaryRepositoryTest"/>
  <testcase name="getCommentaryByStageWithResult" time="0.000" classname="Production.repository.CommentaryRepositoryTest"/>
</testsuite> <!-- Production.repository.CommentaryRepositoryTest -->
