<?xml version="1.0" encoding="UTF-8"?>
<!-- Generated by org.testng.reporters.JUnitReportReporter -->
<testsuite skipped="0" hostname="angelrg-ASUS" name="Supply.repository.MeasureRepositoryTest" tests="2" failures="0" timestamp="2020-08-13T10:52:20 CST" time="0.113" errors="0">
  <testcase name="getMeasuresTestEmpty" time="0.111" classname="Supply.repository.MeasureRepositoryTest"/>
  <testcase name="getMeasuresTestNoEmpty" time="0.002" classname="Supply.repository.MeasureRepositoryTest"/>
</testsuite> <!-- Supply.repository.MeasureRepositoryTest -->
