<?xml version="1.0" encoding="UTF-8"?>
<!-- Generated by org.testng.reporters.JUnitReportReporter -->
<testsuite skipped="0" hostname="angelrg-ASUS" name="Production.StageTest" tests="6" failures="0" timestamp="2020-08-16T17:55:26 CST" time="0.001" errors="0">
  <testcase name="testEquals" time="0.000" classname="Production.StageTest"/>
  <testcase name="testSetAndGetProductionId" time="0.000" classname="Production.StageTest"/>
  <testcase name="testSetAndGetDescription" time="0.001" classname="Production.StageTest"/>
  <testcase name="testSetAndGetIdStage" time="0.000" classname="Production.StageTest"/>
  <testcase name="testSetAndGetName" time="0.000" classname="Production.StageTest"/>
  <testcase name="stageBuilderTest" time="0.000" classname="Production.StageTest"/>
</testsuite> <!-- Production.StageTest -->
