<?xml version="1.0" encoding="UTF-8"?>
<!-- Generated by org.testng.reporters.JUnitReportReporter -->
<testsuite skipped="0" hostname="DESKTOP-C9MDD9E" name="Production.StageTest" tests="6" failures="0" timestamp="2020-09-19T11:34:36 CST" time="0.000" errors="0">
  <testcase name="testSetAndGetProductionId" time="0.000" classname="Production.StageTest"/>
  <testcase name="testEquals" time="0.000" classname="Production.StageTest"/>
  <testcase name="testSetAndGetIdStage" time="0.000" classname="Production.StageTest"/>
  <testcase name="testSetAndGetName" time="0.000" classname="Production.StageTest"/>
  <testcase name="testSetAndGetDescription" time="0.000" classname="Production.StageTest"/>
  <testcase name="stageBuilderTest" time="0.000" classname="Production.StageTest"/>
</testsuite> <!-- Production.StageTest -->
