<?xml version="1.0" encoding="UTF-8"?>
<!-- Generated by org.testng.reporters.JUnitReportReporter -->
<testsuite skipped="0" hostname="angelrg-ASUS" name="Supply.repository.MeasureRepositoryTest" tests="2" failures="0" timestamp="2020-08-16T21:31:54 CST" time="0.426" errors="0">
  <testcase name="getMeasuresTestEmpty" time="0.419" classname="Supply.repository.MeasureRepositoryTest"/>
  <testcase name="getMeasuresTestNoEmpty" time="0.007" classname="Supply.repository.MeasureRepositoryTest"/>
</testsuite> <!-- Supply.repository.MeasureRepositoryTest -->
