<?xml version="1.0" encoding="UTF-8"?>
<!-- Generated by org.testng.reporters.JUnitReportReporter -->
<testsuite skipped="0" hostname="daniel-inspiron157000gaming" name="Production.StepTest" tests="6" failures="0" timestamp="2020-07-08T00:11:31 CST" time="0.000" errors="0">
  <testcase name="testSetAndGetIdStep" time="0.000" classname="Production.StepTest"/>
  <testcase name="testEquals" time="0.000" classname="Production.StepTest"/>
  <testcase name="stageBuilderTest" time="0.000" classname="Production.StepTest"/>
  <testcase name="testSetAndGetStageId" time="0.000" classname="Production.StepTest"/>
  <testcase name="testSetAndGetDescription" time="0.000" classname="Production.StepTest"/>
  <testcase name="testSetAndGetName" time="0.000" classname="Production.StepTest"/>
</testsuite> <!-- Production.StepTest -->
