<?xml version="1.0" encoding="UTF-8"?>
<!-- Generated by org.testng.reporters.JUnitReportReporter -->
<testsuite skipped="0" hostname="angelrg-ASUS" name="Production.repository.StepRepositoryTest" tests="4" failures="0" timestamp="2020-08-14T19:03:46 CST" time="0.008" errors="0">
  <testcase name="AllProductionsTest" time="0.001" classname="Production.repository.StepRepositoryTest"/>
  <testcase name="FindByIdProductionTest" time="0.003" classname="Production.repository.StepRepositoryTest"/>
  <testcase name="findProductionLikeNameTest" time="0.003" classname="Production.repository.StepRepositoryTest"/>
  <testcase name="FindByIdProductionNoResultExceptionTest" time="0.001" classname="Production.repository.StepRepositoryTest"/>
</testsuite> <!-- Production.repository.StepRepositoryTest -->
