<?xml version="1.0" encoding="UTF-8"?>
<!-- Generated by org.testng.reporters.JUnitReportReporter -->
<<<<<<< HEAD
<testsuite hostname="daniel-inspiron157000gaming" failures="0" tests="3" name="Supply.MeasureTest" time="0.001" errors="0" timestamp="2020-08-20T18:29:49 CST" skipped="0">
  <testcase classname="Supply.MeasureTest" name="testSetAndGetIdMeasure" time="0.000"/>
  <testcase classname="Supply.MeasureTest" name="testSetAndGetName" time="0.001"/>
  <testcase classname="Supply.MeasureTest" name="testSetAndGetCollectionSupply" time="0.000"/>
=======
<testsuite skipped="0" hostname="angelrg-ASUS" name="Supply.MeasureTest" tests="3" failures="0" timestamp="2020-08-20T03:10:56 CST" time="0.001" errors="0">
  <testcase name="testSetAndGetIdMeasure" time="0.000" classname="Supply.MeasureTest"/>
  <testcase name="testSetAndGetName" time="0.001" classname="Supply.MeasureTest"/>
  <testcase name="testSetAndGetCollectionSupply" time="0.000" classname="Supply.MeasureTest"/>
>>>>>>> dev
</testsuite> <!-- Supply.MeasureTest -->
