<?xml version="1.0" encoding="UTF-8"?>
<!-- Generated by org.testng.reporters.JUnitReportReporter -->
<testsuite hostname="daniel-inspiron157000gaming" failures="0" tests="1" name="Modify.service.ModifySupplyServiceTest" time="0.004" errors="0" timestamp="2020-08-15T20:13:33 CST" skipped="0">
  <testcase classname="Modify.service.ModifySupplyServiceTest" name="createModifySupplyTest" time="0.004"/>
</testsuite> <!-- Modify.service.ModifySupplyServiceTest -->
