<?xml version="1.0" encoding="UTF-8"?>
<!-- Generated by org.testng.reporters.JUnitReportReporter -->
<testsuite skipped="0" hostname="daniel-inspiron157000gaming" name="Group.repository.GroupRepositoryTest" tests="4" failures="0" timestamp="2020-07-08T00:11:31 CST" time="0.004" errors="0">
  <testcase name="findByIdWithResult" time="0.001" classname="Group.repository.GroupRepositoryTest"/>
  <testcase name="findByIdWithNoResult" time="0.001" classname="Group.repository.GroupRepositoryTest"/>
  <testcase name="getAllWithResult" time="0.001" classname="Group.repository.GroupRepositoryTest"/>
  <testcase name="getAllEmptyResult" time="0.001" classname="Group.repository.GroupRepositoryTest"/>
</testsuite> <!-- Group.repository.GroupRepositoryTest -->
