<?xml version="1.0" encoding="UTF-8"?>
<!-- Generated by org.testng.reporters.JUnitReportReporter -->
<testsuite skipped="0" hostname="daniel-inspiron157000gaming" name="Supply.repository.MeasureRepositoryTest" tests="2" failures="0" timestamp="2020-07-08T00:11:31 CST" time="0.046" errors="0">
  <testcase name="getMeasuresTestNoEmpty" time="0.002" classname="Supply.repository.MeasureRepositoryTest"/>
  <testcase name="getMeasuresTestEmpty" time="0.044" classname="Supply.repository.MeasureRepositoryTest"/>
</testsuite> <!-- Supply.repository.MeasureRepositoryTest -->
