<?xml version="1.0" encoding="UTF-8"?>
<!-- Generated by org.testng.reporters.JUnitReportReporter -->
<testsuite hostname="daniel-inspiron157000gaming" failures="0" tests="3" name="Production.repository.StepRepositoryTest" time="0.018" errors="0" timestamp="2020-08-20T16:31:04 CST" skipped="0">
  <testcase classname="Production.repository.StepRepositoryTest" name="FindByIdProductionNoResultExceptionTest" time="0.003"/>
  <testcase classname="Production.repository.StepRepositoryTest" name="AllProductionsTest" time="0.014"/>
  <testcase classname="Production.repository.StepRepositoryTest" name="findProductionLikeNameTest" time="0.001"/>
</testsuite> <!-- Production.repository.StepRepositoryTest -->
