<?xml version="1.0" encoding="UTF-8"?>
<!-- Generated by org.testng.reporters.JUnitReportReporter -->
<testsuite hostname="daniel-Inspiron-15-7000-Gaming" failures="0" tests="4" name="Group.repository.GroupRepositoryTest" time="0.006" errors="0" timestamp="2020-10-29T21:14:54 CST" skipped="0">
  <testcase classname="Group.repository.GroupRepositoryTest" name="findByIdWithNoResult" time="0.003"/>
  <testcase classname="Group.repository.GroupRepositoryTest" name="getAllWithResult" time="0.001"/>
  <testcase classname="Group.repository.GroupRepositoryTest" name="getAllEmptyResult" time="0.001"/>
  <testcase classname="Group.repository.GroupRepositoryTest" name="findByIdWithResult" time="0.001"/>
</testsuite> <!-- Group.repository.GroupRepositoryTest -->
