<?xml version="1.0" encoding="UTF-8"?>
<!-- Generated by org.testng.reporters.JUnitReportReporter -->
<testsuite skipped="0" hostname="angelrg-ASUS" name="User.repository.CareerRepositoryTest" tests="3" failures="0" timestamp="2020-08-20T03:10:57 CST" time="0.006" errors="0">
  <testcase name="getCareerWithId" time="0.002" classname="User.repository.CareerRepositoryTest"/>
  <testcase name="getCareerWithName" time="0.002" classname="User.repository.CareerRepositoryTest"/>
  <testcase name="getCareer" time="0.002" classname="User.repository.CareerRepositoryTest"/>
</testsuite> <!-- User.repository.CareerRepositoryTest -->
