<?xml version="1.0" encoding="UTF-8"?>
<!-- Generated by org.testng.reporters.JUnitReportReporter -->
<<<<<<< HEAD
<testsuite hostname="daniel-inspiron157000gaming" failures="0" tests="4" name="User.service.UserServiceTest" time="0.000" errors="0" timestamp="2020-08-20T18:29:49 CST" skipped="0">
  <testcase classname="User.service.UserServiceTest" name="updateUserNullTest" time="0.000"/>
  <testcase classname="User.service.UserServiceTest" name="createUserNullTest" time="0.000"/>
  <testcase classname="User.service.UserServiceTest" name="createUserTest" time="0.000"/>
  <testcase classname="User.service.UserServiceTest" name="updateUserTest" time="0.000"/>
=======
<testsuite skipped="0" hostname="angelrg-ASUS" name="User.service.UserServiceTest" tests="4" failures="0" timestamp="2020-08-20T03:10:56 CST" time="0.004" errors="0">
  <testcase name="createUserNullTest" time="0.001" classname="User.service.UserServiceTest"/>
  <testcase name="updateUserTest" time="0.001" classname="User.service.UserServiceTest"/>
  <testcase name="updateUserNullTest" time="0.000" classname="User.service.UserServiceTest"/>
  <testcase name="createUserTest" time="0.002" classname="User.service.UserServiceTest"/>
>>>>>>> dev
</testsuite> <!-- User.service.UserServiceTest -->
