<?xml version="1.0" encoding="UTF-8"?>
<!-- Generated by org.testng.reporters.JUnitReportReporter -->
<testsuite skipped="0" hostname="angelrg-ASUS" name="Production.CommentaryTest" tests="3" failures="0" timestamp="2020-08-16T21:31:54 CST" time="0.000" errors="0">
  <testcase name="testSetAndGetIdCommentary" time="0.000" classname="Production.CommentaryTest"/>
  <testcase name="testSetAndGetPaso" time="0.000" classname="Production.CommentaryTest"/>
  <testcase name="testSetAndGetText" time="0.000" classname="Production.CommentaryTest"/>
</testsuite> <!-- Production.CommentaryTest -->
