<?xml version="1.0" encoding="UTF-8"?>
<!-- Generated by org.testng.reporters.JUnitReportReporter -->
<testsuite skipped="0" hostname="angelrg-ASUS" name="Production.NecessarySupplyTest" tests="2" failures="0" timestamp="2020-08-16T00:39:25 CST" time="0.003" errors="0">
  <testcase name="testSetAndGetIdNecessarySupply" time="0.000" classname="Production.NecessarySupplyTest"/>
  <testcase name="testSetAndGetIdDesign" time="0.003" classname="Production.NecessarySupplyTest"/>
</testsuite> <!-- Production.NecessarySupplyTest -->
