<?xml version="1.0" encoding="UTF-8"?>
<!-- Generated by org.testng.reporters.JUnitReportReporter -->
<testsuite hostname="daniel-Inspiron-15-7000-Gaming" failures="0" tests="4" name="Modify.repository.ModifySupplyRepositoryTest" time="0.017" errors="0" timestamp="2020-10-29T21:14:54 CST" skipped="0">
  <testcase classname="Modify.repository.ModifySupplyRepositoryTest" name="getMidificationBySupplyTest" time="0.002"/>
  <testcase classname="Modify.repository.ModifySupplyRepositoryTest" name="findByIdTest" time="0.003"/>
  <testcase classname="Modify.repository.ModifySupplyRepositoryTest" name="getMidificationByUserTest" time="0.001"/>
  <testcase classname="Modify.repository.ModifySupplyRepositoryTest" name="getAllTest" time="0.011"/>
</testsuite> <!-- Modify.repository.ModifySupplyRepositoryTest -->
