<?xml version="1.0" encoding="UTF-8"?>
<!-- Generated by org.testng.reporters.JUnitReportReporter -->
<testsuite hostname="daniel-inspiron157000gaming" failures="0" tests="6" name="Production.StepTest" time="0.000" errors="0" timestamp="2020-08-19T23:49:52 CST" skipped="0">
  <testcase classname="Production.StepTest" name="testSetAndGetStageId" time="0.000"/>
  <testcase classname="Production.StepTest" name="stageBuilderTest" time="0.000"/>
  <testcase classname="Production.StepTest" name="testSetAndGetIdStep" time="0.000"/>
  <testcase classname="Production.StepTest" name="testSetAndGetName" time="0.000"/>
  <testcase classname="Production.StepTest" name="testEquals" time="0.000"/>
  <testcase classname="Production.StepTest" name="testSetAndGetDescription" time="0.000"/>
</testsuite> <!-- Production.StepTest -->
