<?xml version="1.0" encoding="UTF-8"?>
<!-- Generated by org.testng.reporters.JUnitReportReporter -->
<testsuite skipped="0" hostname="angelrg-ASUS" name="User.UserTest" tests="8" failures="0" timestamp="2020-08-16T17:55:26 CST" time="0.010" errors="0">
  <testcase name="setAndGetCareer" time="0.000" classname="User.UserTest"/>
  <testcase name="setAndGetCarnet" time="0.001" classname="User.UserTest"/>
  <testcase name="setAndGetState" time="0.001" classname="User.UserTest"/>
  <testcase name="setAndGetName" time="0.001" classname="User.UserTest"/>
  <testcase name="setAndGetEmail" time="0.001" classname="User.UserTest"/>
  <testcase name="setAndGetPassword" time="0.002" classname="User.UserTest"/>
  <testcase name="setAndGetPhone" time="0.003" classname="User.UserTest"/>
  <testcase name="setAndGetRoluser" time="0.001" classname="User.UserTest"/>
</testsuite> <!-- User.UserTest -->
