<?xml version="1.0" encoding="UTF-8"?>
<!-- Generated by org.testng.reporters.JUnitReportReporter -->
<<<<<<< HEAD
<testsuite hostname="daniel-inspiron157000gaming" failures="0" tests="2" name="Supply.repository.MeasureRepositoryTest" time="0.053" errors="0" timestamp="2020-08-20T18:29:49 CST" skipped="0">
  <testcase classname="Supply.repository.MeasureRepositoryTest" name="getMeasuresTestNoEmpty" time="0.001"/>
  <testcase classname="Supply.repository.MeasureRepositoryTest" name="getMeasuresTestEmpty" time="0.052"/>
=======
<testsuite skipped="0" hostname="angelrg-ASUS" name="Supply.repository.MeasureRepositoryTest" tests="2" failures="0" timestamp="2020-08-20T03:10:56 CST" time="0.147" errors="0">
  <testcase name="getMeasuresTestNoEmpty" time="0.002" classname="Supply.repository.MeasureRepositoryTest"/>
  <testcase name="getMeasuresTestEmpty" time="0.145" classname="Supply.repository.MeasureRepositoryTest"/>
>>>>>>> dev
</testsuite> <!-- Supply.repository.MeasureRepositoryTest -->
