<?xml version="1.0" encoding="UTF-8"?>
<!-- Generated by org.testng.reporters.JUnitReportReporter -->
<testsuite hostname="daniel-inspiron157000gaming" failures="0" tests="4" name="User.service.RolUserServiceTest" time="0.002" errors="0" timestamp="2020-05-31T19:29:35 CST" skipped="0">
  <testcase classname="User.service.RolUserServiceTest" name="updateCareerNullTest" time="0.000"/>
  <testcase classname="User.service.RolUserServiceTest" name="createCareerTest" time="0.001"/>
  <testcase classname="User.service.RolUserServiceTest" name="updateCareerTest" time="0.000"/>
  <testcase classname="User.service.RolUserServiceTest" name="createCareerNullTest" time="0.001"/>
</testsuite> <!-- User.service.RolUserServiceTest -->
