<?xml version="1.0" encoding="UTF-8"?>
<!-- Generated by org.testng.reporters.JUnitReportReporter -->
<testsuite skipped="0" hostname="daniel-inspiron157000gaming" name="Production.service.CommentaryServiceTest" tests="3" failures="0" timestamp="2020-07-08T00:11:31 CST" time="0.005" errors="0">
  <testcase name="updateCommentaryTextTest" time="0.000" classname="Production.service.CommentaryServiceTest"/>
  <testcase name="createCommentaryTest" time="0.001" classname="Production.service.CommentaryServiceTest"/>
  <testcase name="updateCommentaryStageIdTest" time="0.004" classname="Production.service.CommentaryServiceTest"/>
</testsuite> <!-- Production.service.CommentaryServiceTest -->
