<?xml version="1.0" encoding="UTF-8"?>
<!-- Generated by org.testng.reporters.JUnitReportReporter -->
<testsuite skipped="0" hostname="angelrg-ASUS" name="Supply.SupplyTest" tests="10" failures="0" timestamp="2020-08-20T03:10:56 CST" time="0.002" errors="0">
  <testcase name="testSetAndGetName" time="0.000" classname="Supply.SupplyTest"/>
  <testcase name="testSetAndGetAvailability" time="0.000" classname="Supply.SupplyTest"/>
  <testcase name="testSetAndGetMeasure" time="0.001" classname="Supply.SupplyTest"/>
  <testcase name="testSetAndGetExpirationDate" time="0.000" classname="Supply.SupplyTest"/>
  <testcase name="testSetAndGetQuantity" time="0.000" classname="Supply.SupplyTest"/>
  <testcase name="testSetAndGetInternalCode" time="0.000" classname="Supply.SupplyTest"/>
  <testcase name="testSetAndGetCode" time="0.000" classname="Supply.SupplyTest"/>
  <testcase name="testSetAndGetDescription" time="0.000" classname="Supply.SupplyTest"/>
  <testcase name="testSetAndGetDateOfAdmission" time="0.001" classname="Supply.SupplyTest"/>
  <testcase name="testSetAndGetCost" time="0.000" classname="Supply.SupplyTest"/>
</testsuite> <!-- Supply.SupplyTest -->
