<?xml version="1.0" encoding="UTF-8"?>
<!-- Generated by org.testng.reporters.JUnitReportReporter -->
<<<<<<< HEAD
<testsuite hostname="daniel-inspiron157000gaming" failures="0" tests="3" name="Production.repository.StepRepositoryTest" time="0.015" errors="0" timestamp="2020-08-20T18:29:49 CST" skipped="0">
  <testcase classname="Production.repository.StepRepositoryTest" name="FindByIdProductionNoResultExceptionTest" time="0.002"/>
  <testcase classname="Production.repository.StepRepositoryTest" name="findProductionLikeNameTest" time="0.001"/>
  <testcase classname="Production.repository.StepRepositoryTest" name="AllProductionsTest" time="0.012"/>
=======
<testsuite skipped="0" hostname="angelrg-ASUS" name="Production.repository.StepRepositoryTest" tests="3" failures="0" timestamp="2020-08-20T03:10:57 CST" time="0.002" errors="0">
  <testcase name="findProductionLikeNameTest" time="0.001" classname="Production.repository.StepRepositoryTest"/>
  <testcase name="FindByIdProductionNoResultExceptionTest" time="0.001" classname="Production.repository.StepRepositoryTest"/>
  <testcase name="AllProductionsTest" time="0.000" classname="Production.repository.StepRepositoryTest"/>
>>>>>>> dev
</testsuite> <!-- Production.repository.StepRepositoryTest -->
