<?xml version="1.0" encoding="UTF-8"?>
<!-- Generated by org.testng.reporters.JUnitReportReporter -->
<testsuite skipped="0" hostname="daniel-inspiron157000gaming" name="Modify.service.ModifySupplyServiceTest" tests="1" failures="0" timestamp="2020-07-08T00:11:31 CST" time="0.003" errors="0">
  <testcase name="createModifySupplyTest" time="0.003" classname="Modify.service.ModifySupplyServiceTest"/>
</testsuite> <!-- Modify.service.ModifySupplyServiceTest -->
