<?xml version="1.0" encoding="UTF-8"?>
<!-- Generated by org.testng.reporters.JUnitReportReporter -->
<testsuite skipped="0" hostname="DESKTOP-C9MDD9E" name="Production.repository.ProductionRepositoryTest" tests="2" failures="0" timestamp="2020-09-19T11:34:36 CST" time="0.002" errors="0">
  <testcase name="findProductionLikeNameTest" time="0.001" classname="Production.repository.ProductionRepositoryTest"/>
  <testcase name="AllProductionsTest" time="0.001" classname="Production.repository.ProductionRepositoryTest"/>
</testsuite> <!-- Production.repository.ProductionRepositoryTest -->
