<?xml version="1.0" encoding="UTF-8"?>
<!-- Generated by org.testng.reporters.JUnitReportReporter -->
<testsuite skipped="0" hostname="daniel-inspiron157000gaming" name="User.repository.CareerRepositoryTest" tests="3" failures="0" timestamp="2020-07-08T00:11:31 CST" time="0.004" errors="0">
  <testcase name="getCareerWithId" time="0.001" classname="User.repository.CareerRepositoryTest"/>
  <testcase name="getCareerWithName" time="0.002" classname="User.repository.CareerRepositoryTest"/>
  <testcase name="getCareer" time="0.001" classname="User.repository.CareerRepositoryTest"/>
</testsuite> <!-- User.repository.CareerRepositoryTest -->
