<?xml version="1.0" encoding="UTF-8"?>
<!-- Generated by org.testng.reporters.JUnitReportReporter -->
<<<<<<< HEAD
<testsuite hostname="daniel-inspiron157000gaming" failures="0" tests="8" name="Production.ProductionTest" time="0.002" errors="0" timestamp="2020-08-20T18:29:49 CST" skipped="0">
  <testcase classname="Production.ProductionTest" name="testEquals" time="0.000"/>
  <testcase classname="Production.ProductionTest" name="testSetAndGetState" time="0.000"/>
  <testcase classname="Production.ProductionTest" name="testSetAndGetName" time="0.000"/>
  <testcase classname="Production.ProductionTest" name="testSetAndGetUnity" time="0.000"/>
  <testcase classname="Production.ProductionTest" name="testSetAndGetProduct" time="0.000"/>
  <testcase classname="Production.ProductionTest" name="productionBuilderTest" time="0.000"/>
  <testcase classname="Production.ProductionTest" name="testSetAndQuantit" time="0.001"/>
  <testcase classname="Production.ProductionTest" name="testSetAndGetIdProduction" time="0.001"/>
=======
<testsuite skipped="0" hostname="angelrg-ASUS" name="Production.ProductionTest" tests="8" failures="0" timestamp="2020-08-20T03:10:56 CST" time="0.001" errors="0">
  <testcase name="testSetAndQuantit" time="0.000" classname="Production.ProductionTest"/>
  <testcase name="testEquals" time="0.000" classname="Production.ProductionTest"/>
  <testcase name="testSetAndGetState" time="0.000" classname="Production.ProductionTest"/>
  <testcase name="productionBuilderTest" time="0.000" classname="Production.ProductionTest"/>
  <testcase name="testSetAndGetProduct" time="0.000" classname="Production.ProductionTest"/>
  <testcase name="testSetAndGetName" time="0.000" classname="Production.ProductionTest"/>
  <testcase name="testSetAndGetIdProduction" time="0.001" classname="Production.ProductionTest"/>
  <testcase name="testSetAndGetUnity" time="0.000" classname="Production.ProductionTest"/>
>>>>>>> dev
</testsuite> <!-- Production.ProductionTest -->
