<?xml version="1.0" encoding="UTF-8"?>
<!-- Generated by org.testng.reporters.JUnitReportReporter -->
<testsuite hostname="daniel-inspiron157000gaming" failures="0" tests="4" name="User.service.CareerServiceTest" time="0.001" errors="0" timestamp="2020-08-15T20:13:33 CST" skipped="0">
  <testcase classname="User.service.CareerServiceTest" name="createCareerTest" time="0.000"/>
  <testcase classname="User.service.CareerServiceTest" name="updateCareerTest" time="0.000"/>
  <testcase classname="User.service.CareerServiceTest" name="createCareerNullTest" time="0.001"/>
  <testcase classname="User.service.CareerServiceTest" name="updateCareerNullTest" time="0.000"/>
</testsuite> <!-- User.service.CareerServiceTest -->
