<?xml version="1.0" encoding="UTF-8"?>
<!-- Generated by org.testng.reporters.JUnitReportReporter -->
<<<<<<< HEAD
<testsuite hostname="daniel-inspiron157000gaming" failures="0" tests="3" name="Production.service.StageServiceTest" time="0.002" errors="0" timestamp="2020-08-20T18:29:49 CST" skipped="0">
  <testcase classname="Production.service.StageServiceTest" name="MandatoryAttributeProductionExceptionNameEdit" time="0.001"/>
  <testcase classname="Production.service.StageServiceTest" name="MandatoryAttributeProductionExceptionUnityEdit" time="0.000"/>
  <testcase classname="Production.service.StageServiceTest" name="editProductionTest" time="0.001"/>
=======
<testsuite skipped="0" hostname="angelrg-ASUS" name="Production.service.StageServiceTest" tests="3" failures="0" timestamp="2020-08-20T03:10:56 CST" time="0.002" errors="0">
  <testcase name="editProductionTest" time="0.000" classname="Production.service.StageServiceTest"/>
  <testcase name="MandatoryAttributeProductionExceptionNameEdit" time="0.001" classname="Production.service.StageServiceTest"/>
  <testcase name="MandatoryAttributeProductionExceptionUnityEdit" time="0.001" classname="Production.service.StageServiceTest"/>
>>>>>>> dev
</testsuite> <!-- Production.service.StageServiceTest -->
