<?xml version="1.0" encoding="UTF-8"?>
<!-- Generated by org.testng.reporters.JUnitReportReporter -->
<testsuite hostname="daniel-inspiron157000gaming" failures="0" tests="3" name="Production.service.NecessarySupplyServiceTest" time="0.006" errors="0" timestamp="2020-06-22T17:06:10 CST" skipped="0">
  <testcase classname="Production.service.NecessarySupplyServiceTest" name="updateNecessarySupplyIdSupplyTest" time="0.001"/>
  <testcase classname="Production.service.NecessarySupplyServiceTest" name="updateNecessarySupplyIdStepTest" time="0.004"/>
  <testcase classname="Production.service.NecessarySupplyServiceTest" name="createNecessarySupply" time="0.001"/>
</testsuite> <!-- Production.service.NecessarySupplyServiceTest -->
