<?xml version="1.0" encoding="UTF-8"?>
<!-- Generated by org.testng.reporters.JUnitReportReporter -->
<testsuite skipped="0" hostname="angelrg-ASUS" name="Supply.repository.MeasureRepositoryTest" tests="2" failures="0" timestamp="2020-08-16T00:39:25 CST" time="0.189" errors="0">
  <testcase name="getMeasuresTestEmpty" time="0.186" classname="Supply.repository.MeasureRepositoryTest"/>
  <testcase name="getMeasuresTestNoEmpty" time="0.003" classname="Supply.repository.MeasureRepositoryTest"/>
</testsuite> <!-- Supply.repository.MeasureRepositoryTest -->
