<?xml version="1.0" encoding="UTF-8"?>
<!-- Generated by org.testng.reporters.JUnitReportReporter -->
<testsuite skipped="0" hostname="DESKTOP-C9MDD9E" name="User.service.RolUserServiceTest" tests="4" failures="0" timestamp="2020-09-19T11:34:36 CST" time="0.001" errors="0">
  <testcase name="updateCareerTest" time="0.000" classname="User.service.RolUserServiceTest"/>
  <testcase name="updateCareerNullTest" time="0.000" classname="User.service.RolUserServiceTest"/>
  <testcase name="createCareerTest" time="0.000" classname="User.service.RolUserServiceTest"/>
  <testcase name="createCareerNullTest" time="0.001" classname="User.service.RolUserServiceTest"/>
</testsuite> <!-- User.service.RolUserServiceTest -->
