<?xml version="1.0" encoding="UTF-8"?>
<!-- Generated by org.testng.reporters.JUnitReportReporter -->
<testsuite skipped="0" hostname="daniel-inspiron157000gaming" name="Production.repository.ProductRepositoryTest" tests="3" failures="0" timestamp="2020-07-08T00:11:31 CST" time="0.002" errors="0">
  <testcase name="getAllWithResult" time="0.000" classname="Production.repository.ProductRepositoryTest"/>
  <testcase name="getAllWithNoResult" time="0.002" classname="Production.repository.ProductRepositoryTest"/>
  <testcase name="getProductByIdtWithResult" time="0.000" classname="Production.repository.ProductRepositoryTest"/>
</testsuite> <!-- Production.repository.ProductRepositoryTest -->
