<?xml version="1.0" encoding="UTF-8"?>
<!-- Generated by org.testng.reporters.JUnitReportReporter -->
<testsuite skipped="0" hostname="daniel-inspiron157000gaming" name="Group.GroupUserTest" tests="4" failures="0" timestamp="2020-07-08T00:11:31 CST" time="0.000" errors="0">
  <testcase name="testSetAndGetIdGroupAdmissionDate" time="0.000" classname="Group.GroupUserTest"/>
  <testcase name="testSetAndGetGroup" time="0.000" classname="Group.GroupUserTest"/>
  <testcase name="testSetAndGetIdGroupUser" time="0.000" classname="Group.GroupUserTest"/>
  <testcase name="testSetAndGetUser" time="0.000" classname="Group.GroupUserTest"/>
</testsuite> <!-- Group.GroupUserTest -->
