<?xml version="1.0" encoding="UTF-8"?>
<!-- Generated by org.testng.reporters.JUnitReportReporter -->
<<<<<<< HEAD
<testsuite hostname="daniel-inspiron157000gaming" failures="0" tests="3" name="Production.repository.StageRepositoryTest" time="0.003" errors="0" timestamp="2020-08-20T18:29:49 CST" skipped="0">
  <testcase classname="Production.repository.StageRepositoryTest" name="AllProductionsTest" time="0.001"/>
  <testcase classname="Production.repository.StageRepositoryTest" name="findProductionLikeNameTest" time="0.001"/>
  <testcase classname="Production.repository.StageRepositoryTest" name="FindByIdProductionNoResultExceptionTest" time="0.001"/>
=======
<testsuite skipped="0" hostname="angelrg-ASUS" name="Production.repository.StageRepositoryTest" tests="4" failures="0" timestamp="2020-08-20T03:10:56 CST" time="0.003" errors="0">
  <testcase name="AllProductionsTest" time="0.001" classname="Production.repository.StageRepositoryTest"/>
  <testcase name="findProductionLikeNameTest" time="0.001" classname="Production.repository.StageRepositoryTest"/>
  <testcase name="FindByIdProductionNoResultExceptionTest" time="0.001" classname="Production.repository.StageRepositoryTest"/>
  <testcase name="FindByIdProductionTest" time="0.000" classname="Production.repository.StageRepositoryTest"/>
>>>>>>> dev
</testsuite> <!-- Production.repository.StageRepositoryTest -->
