<?xml version="1.0" encoding="UTF-8"?>
<!-- Generated by org.testng.reporters.JUnitReportReporter -->
<testsuite hostname="daniel-Inspiron-15-7000-Gaming" failures="0" tests="3" name="Production.service.CommentaryServiceTest" time="0.006" errors="0" timestamp="2020-10-29T21:14:54 CST" skipped="0">
  <testcase classname="Production.service.CommentaryServiceTest" name="updateCommentaryStageIdTest" time="0.004"/>
  <testcase classname="Production.service.CommentaryServiceTest" name="createCommentaryTest" time="0.001"/>
  <testcase classname="Production.service.CommentaryServiceTest" name="updateCommentaryTextTest" time="0.001"/>
</testsuite> <!-- Production.service.CommentaryServiceTest -->
