<?xml version="1.0" encoding="UTF-8"?>
<!-- Generated by org.testng.reporters.JUnitReportReporter -->
<testsuite hostname="daniel-inspiron157000gaming" failures="0" tests="6" name="Production.StageTest" time="0.001" errors="0" timestamp="2020-08-20T16:31:04 CST" skipped="0">
  <testcase classname="Production.StageTest" name="testSetAndGetProductionId" time="0.000"/>
  <testcase classname="Production.StageTest" name="testEquals" time="0.000"/>
  <testcase classname="Production.StageTest" name="testSetAndGetDescription" time="0.000"/>
  <testcase classname="Production.StageTest" name="stageBuilderTest" time="0.001"/>
  <testcase classname="Production.StageTest" name="testSetAndGetIdStage" time="0.000"/>
  <testcase classname="Production.StageTest" name="testSetAndGetName" time="0.000"/>
</testsuite> <!-- Production.StageTest -->
