<?xml version="1.0" encoding="UTF-8"?>
<!-- Generated by org.testng.reporters.JUnitReportReporter -->
<testsuite skipped="0" hostname="angelrg-ASUS" name="Production.service.CommentaryServiceTest" tests="3" failures="0" timestamp="2020-08-16T17:55:26 CST" time="0.007" errors="0">
  <testcase name="updateCommentaryTextTest" time="0.000" classname="Production.service.CommentaryServiceTest"/>
  <testcase name="createCommentaryTest" time="0.002" classname="Production.service.CommentaryServiceTest"/>
  <testcase name="updateCommentaryStageIdTest" time="0.005" classname="Production.service.CommentaryServiceTest"/>
</testsuite> <!-- Production.service.CommentaryServiceTest -->
