<?xml version="1.0" encoding="UTF-8"?>
<!-- Generated by org.testng.reporters.JUnitReportReporter -->
<testsuite hostname="daniel-Inspiron-15-7000-Gaming" failures="0" tests="3" name="Production.service.ProductServiceTest" time="0.003" errors="0" timestamp="2020-10-29T21:14:54 CST" skipped="0">
  <testcase classname="Production.service.ProductServiceTest" name="createProductTest" time="0.001"/>
  <testcase classname="Production.service.ProductServiceTest" name="updateNullProductTest" time="0.001"/>
  <testcase classname="Production.service.ProductServiceTest" name="updateAllProductTest" time="0.001"/>
</testsuite> <!-- Production.service.ProductServiceTest -->
