<?xml version="1.0" encoding="UTF-8"?>
<!-- Generated by org.testng.reporters.JUnitReportReporter -->
<<<<<<< HEAD
<testsuite hostname="daniel-inspiron157000gaming" failures="0" tests="2" name="Production.repository.ProductionRepositoryTest" time="0.002" errors="0" timestamp="2020-08-20T18:29:49 CST" skipped="0">
  <testcase classname="Production.repository.ProductionRepositoryTest" name="findProductionLikeNameTest" time="0.001"/>
  <testcase classname="Production.repository.ProductionRepositoryTest" name="AllProductionsTest" time="0.001"/>
=======
<testsuite skipped="0" hostname="angelrg-ASUS" name="Production.repository.ProductionRepositoryTest" tests="2" failures="0" timestamp="2020-08-20T03:10:57 CST" time="0.002" errors="0">
  <testcase name="findProductionLikeNameTest" time="0.001" classname="Production.repository.ProductionRepositoryTest"/>
  <testcase name="AllProductionsTest" time="0.001" classname="Production.repository.ProductionRepositoryTest"/>
>>>>>>> dev
</testsuite> <!-- Production.repository.ProductionRepositoryTest -->
