<?xml version="1.0" encoding="UTF-8"?>
<!-- Generated by org.testng.reporters.JUnitReportReporter -->
<testsuite skipped="0" hostname="DESKTOP-C9MDD9E" name="User.repository.CareerRepositoryTest" tests="3" failures="0" timestamp="2020-09-19T11:34:36 CST" time="0.088" errors="0">
  <testcase name="getCareerWithName" time="0.002" classname="User.repository.CareerRepositoryTest"/>
  <testcase name="getCareer" time="0.076" classname="User.repository.CareerRepositoryTest"/>
  <testcase name="getCareerWithId" time="0.010" classname="User.repository.CareerRepositoryTest"/>
</testsuite> <!-- User.repository.CareerRepositoryTest -->
