<?xml version="1.0" encoding="UTF-8"?>
<!-- Generated by org.testng.reporters.JUnitReportReporter -->
<testsuite skipped="0" hostname="angelrg-ASUS" name="Production.service.ProductionServiceTest" tests="5" failures="0" timestamp="2020-08-14T19:03:47 CST" time="0.002" errors="0">
  <testcase name="editProductionTest" time="0.000" classname="Production.service.ProductionServiceTest"/>
  <testcase name="MandatoryAttributeProductionExceptionNameCreate" time="0.001" classname="Production.service.ProductionServiceTest"/>
  <testcase name="MandatoryAttributeProductionExceptionNameEdit" time="0.001" classname="Production.service.ProductionServiceTest"/>
  <testcase name="MandatoryAttributeProductionExceptionDateEdit" time="0.000" classname="Production.service.ProductionServiceTest"/>
  <testcase name="MandatoryAttributeProductionExceptionUnityCreate" time="0.000" classname="Production.service.ProductionServiceTest"/>
</testsuite> <!-- Production.service.ProductionServiceTest -->
