<?xml version="1.0" encoding="UTF-8"?>
<!-- Generated by org.testng.reporters.JUnitReportReporter -->
<testsuite skipped="0" hostname="angelrg-ASUS" name="Production.repository.StepRepositoryTest" tests="3" failures="0" timestamp="2020-08-20T03:10:57 CST" time="0.002" errors="0">
  <testcase name="findProductionLikeNameTest" time="0.001" classname="Production.repository.StepRepositoryTest"/>
  <testcase name="FindByIdProductionNoResultExceptionTest" time="0.001" classname="Production.repository.StepRepositoryTest"/>
  <testcase name="AllProductionsTest" time="0.000" classname="Production.repository.StepRepositoryTest"/>
</testsuite> <!-- Production.repository.StepRepositoryTest -->
