<?xml version="1.0" encoding="UTF-8"?>
<!-- Generated by org.testng.reporters.JUnitReportReporter -->
<testsuite hostname="daniel-Inspiron-15-7000-Gaming" failures="0" tests="10" name="Supply.SupplyTest" time="0.003" errors="0" timestamp="2020-10-29T21:14:54 CST" skipped="0">
  <testcase classname="Supply.SupplyTest" name="testSetAndGetCost" time="0.001"/>
  <testcase classname="Supply.SupplyTest" name="testSetAndGetInternalCode" time="0.000"/>
  <testcase classname="Supply.SupplyTest" name="testSetAndGetDateOfAdmission" time="0.000"/>
  <testcase classname="Supply.SupplyTest" name="testSetAndGetDescription" time="0.000"/>
  <testcase classname="Supply.SupplyTest" name="testSetAndGetExpirationDate" time="0.001"/>
  <testcase classname="Supply.SupplyTest" name="testSetAndGetMeasure" time="0.000"/>
  <testcase classname="Supply.SupplyTest" name="testSetAndGetAvailability" time="0.000"/>
  <testcase classname="Supply.SupplyTest" name="testSetAndGetName" time="0.001"/>
  <testcase classname="Supply.SupplyTest" name="testSetAndGetQuantity" time="0.000"/>
  <testcase classname="Supply.SupplyTest" name="testSetAndGetCode" time="0.000"/>
</testsuite> <!-- Supply.SupplyTest -->
