<?xml version="1.0" encoding="UTF-8"?>
<!-- Generated by org.testng.reporters.JUnitReportReporter -->
<<<<<<< HEAD
<testsuite hostname="daniel-inspiron157000gaming" failures="0" tests="3" name="User.repository.CareerRepositoryTest" time="0.004" errors="0" timestamp="2020-08-20T18:29:49 CST" skipped="0">
  <testcase classname="User.repository.CareerRepositoryTest" name="getCareerWithId" time="0.001"/>
  <testcase classname="User.repository.CareerRepositoryTest" name="getCareer" time="0.001"/>
  <testcase classname="User.repository.CareerRepositoryTest" name="getCareerWithName" time="0.002"/>
=======
<testsuite skipped="0" hostname="angelrg-ASUS" name="User.repository.CareerRepositoryTest" tests="3" failures="0" timestamp="2020-08-20T03:10:57 CST" time="0.006" errors="0">
  <testcase name="getCareerWithId" time="0.002" classname="User.repository.CareerRepositoryTest"/>
  <testcase name="getCareerWithName" time="0.002" classname="User.repository.CareerRepositoryTest"/>
  <testcase name="getCareer" time="0.002" classname="User.repository.CareerRepositoryTest"/>
>>>>>>> dev
</testsuite> <!-- User.repository.CareerRepositoryTest -->
