<?xml version="1.0" encoding="UTF-8"?>
<!-- Generated by org.testng.reporters.JUnitReportReporter -->
<testsuite skipped="0" hostname="daniel-inspiron157000gaming" name="Production.service.StepServiceTest" tests="1" failures="0" timestamp="2020-07-08T00:11:31 CST" time="0.001" errors="0">
  <testcase name="editTest" time="0.001" classname="Production.service.StepServiceTest"/>
</testsuite> <!-- Production.service.StepServiceTest -->
