<?xml version="1.0" encoding="UTF-8"?>
<!-- Generated by org.testng.reporters.JUnitReportReporter -->
<<<<<<< HEAD
<testsuite hostname="daniel-inspiron157000gaming" failures="0" tests="8" name="Production.repository.NecessarySupplyRepositoryTest" time="0.006" errors="0" timestamp="2020-08-20T18:29:49 CST" skipped="0">
  <testcase classname="Production.repository.NecessarySupplyRepositoryTest" name="getNecessarySupplyBySupplyWithResult" time="0.001"/>
  <testcase classname="Production.repository.NecessarySupplyRepositoryTest" name="getNecessarySupplyByStepWithResult" time="0.000"/>
  <testcase classname="Production.repository.NecessarySupplyRepositoryTest" name="getNecessarySupplyByStepWithNoResult" time="0.001"/>
  <testcase classname="Production.repository.NecessarySupplyRepositoryTest" name="getNecessarySupplyByIdWithNoResult" time="0.001"/>
  <testcase classname="Production.repository.NecessarySupplyRepositoryTest" name="getAllWithNoResult" time="0.002"/>
  <testcase classname="Production.repository.NecessarySupplyRepositoryTest" name="getNecessarySupplyByIdWithResult" time="0.000"/>
  <testcase classname="Production.repository.NecessarySupplyRepositoryTest" name="getNecessarySupplyBySupplyWithNoResult" time="0.000"/>
  <testcase classname="Production.repository.NecessarySupplyRepositoryTest" name="getAllWithResult" time="0.001"/>
=======
<testsuite skipped="0" hostname="angelrg-ASUS" name="Production.repository.NecessarySupplyRepositoryTest" tests="8" failures="0" timestamp="2020-08-20T03:10:56 CST" time="0.011" errors="0">
  <testcase name="getAllWithNoResult" time="0.003" classname="Production.repository.NecessarySupplyRepositoryTest"/>
  <testcase name="getNecessarySupplyByIdWithResult" time="0.001" classname="Production.repository.NecessarySupplyRepositoryTest"/>
  <testcase name="getNecessarySupplyByStepWithNoResult" time="0.001" classname="Production.repository.NecessarySupplyRepositoryTest"/>
  <testcase name="getNecessarySupplyByIdWithNoResult" time="0.001" classname="Production.repository.NecessarySupplyRepositoryTest"/>
  <testcase name="getNecessarySupplyByStepWithResult" time="0.001" classname="Production.repository.NecessarySupplyRepositoryTest"/>
  <testcase name="getNecessarySupplyBySupplyWithResult" time="0.001" classname="Production.repository.NecessarySupplyRepositoryTest"/>
  <testcase name="getNecessarySupplyBySupplyWithNoResult" time="0.002" classname="Production.repository.NecessarySupplyRepositoryTest"/>
  <testcase name="getAllWithResult" time="0.001" classname="Production.repository.NecessarySupplyRepositoryTest"/>
>>>>>>> dev
</testsuite> <!-- Production.repository.NecessarySupplyRepositoryTest -->
