<?xml version="1.0" encoding="UTF-8"?>
<!-- Generated by org.testng.reporters.JUnitReportReporter -->
<testsuite skipped="0" hostname="daniel-inspiron157000gaming" name="User.repository.RolUserRepositoryTest" tests="3" failures="0" timestamp="2020-07-08T00:11:31 CST" time="0.015" errors="0">
  <testcase name="getRolUserWithName" time="0.001" classname="User.repository.RolUserRepositoryTest"/>
  <testcase name="getRolUserWithId" time="0.006" classname="User.repository.RolUserRepositoryTest"/>
  <testcase name="getRolUser" time="0.008" classname="User.repository.RolUserRepositoryTest"/>
</testsuite> <!-- User.repository.RolUserRepositoryTest -->
