<?xml version="1.0" encoding="UTF-8"?>
<!-- Generated by org.testng.reporters.JUnitReportReporter -->
<testsuite skipped="0" hostname="DESKTOP-C9MDD9E" name="Production.service.NecessarySupplyServiceTest" tests="3" failures="0" timestamp="2020-09-19T11:34:36 CST" time="0.007" errors="0">
  <testcase name="updateNecessarySupplyIdSupplyTest" time="0.001" classname="Production.service.NecessarySupplyServiceTest"/>
  <testcase name="createNecessarySupply" time="0.002" classname="Production.service.NecessarySupplyServiceTest"/>
  <testcase name="updateNecessarySupplyIdStepTest" time="0.004" classname="Production.service.NecessarySupplyServiceTest"/>
</testsuite> <!-- Production.service.NecessarySupplyServiceTest -->
