<?xml version="1.0" encoding="UTF-8"?>
<!-- Generated by org.testng.reporters.JUnitReportReporter -->
<testsuite hostname="daniel-inspiron157000gaming" failures="0" tests="3" name="Production.service.NecessarySupplyServiceTest" time="0.008" errors="0" timestamp="2020-05-16T08:21:11 CST" skipped="0">
  <testcase classname="Production.service.NecessarySupplyServiceTest" name="updateNecessarySupplyIdSupplyTest" time="0.001"/>
  <testcase classname="Production.service.NecessarySupplyServiceTest" name="updateNecessarySupplyIdStepTest" time="0.006"/>
  <testcase classname="Production.service.NecessarySupplyServiceTest" name="createNecessarySupply" time="0.001"/>
</testsuite> <!-- Production.service.NecessarySupplyServiceTest -->
