<?xml version="1.0" encoding="UTF-8"?>
<!-- Generated by org.testng.reporters.JUnitReportReporter -->
<testsuite hostname="daniel-inspiron157000gaming" failures="0" tests="3" name="Production.service.ProductServiceTest" time="0.004" errors="0" timestamp="2020-08-20T16:31:04 CST" skipped="0">
  <testcase classname="Production.service.ProductServiceTest" name="updateNullProductTest" time="0.001"/>
  <testcase classname="Production.service.ProductServiceTest" name="createProductTest" time="0.002"/>
  <testcase classname="Production.service.ProductServiceTest" name="updateAllProductTest" time="0.001"/>
</testsuite> <!-- Production.service.ProductServiceTest -->
