<?xml version="1.0" encoding="UTF-8"?>
<!-- Generated by org.testng.reporters.JUnitReportReporter -->
<testsuite skipped="0" hostname="angelrg-ASUS" name="User.RolUserTest" tests="2" failures="0" timestamp="2020-08-16T00:39:25 CST" time="0.001" errors="0">
  <testcase name="testSetAndGetIdRolUser" time="0.000" classname="User.RolUserTest"/>
  <testcase name="testSetAndGetName" time="0.001" classname="User.RolUserTest"/>
</testsuite> <!-- User.RolUserTest -->
