<?xml version="1.0" encoding="UTF-8"?>
<!-- Generated by org.testng.reporters.JUnitReportReporter -->
<<<<<<< HEAD
<testsuite hostname="daniel-inspiron157000gaming" failures="0" tests="3" name="Production.service.ProductServiceTest" time="0.002" errors="0" timestamp="2020-08-20T18:29:49 CST" skipped="0">
  <testcase classname="Production.service.ProductServiceTest" name="updateNullProductTest" time="0.000"/>
  <testcase classname="Production.service.ProductServiceTest" name="updateAllProductTest" time="0.001"/>
  <testcase classname="Production.service.ProductServiceTest" name="createProductTest" time="0.001"/>
=======
<testsuite skipped="0" hostname="angelrg-ASUS" name="Production.service.ProductServiceTest" tests="3" failures="0" timestamp="2020-08-20T03:10:57 CST" time="0.003" errors="0">
  <testcase name="updateAllProductTest" time="0.001" classname="Production.service.ProductServiceTest"/>
  <testcase name="createProductTest" time="0.001" classname="Production.service.ProductServiceTest"/>
  <testcase name="updateNullProductTest" time="0.001" classname="Production.service.ProductServiceTest"/>
>>>>>>> dev
</testsuite> <!-- Production.service.ProductServiceTest -->
