<?xml version="1.0" encoding="UTF-8"?>
<!-- Generated by org.testng.reporters.JUnitReportReporter -->
<testsuite hostname="daniel-inspiron157000gaming" failures="0" tests="1" name="Production.service.StepServiceTest" time="0.001" errors="0" timestamp="2020-08-20T16:31:04 CST" skipped="0">
  <testcase classname="Production.service.StepServiceTest" name="editTest" time="0.001"/>
</testsuite> <!-- Production.service.StepServiceTest -->
