<?xml version="1.0" encoding="UTF-8"?>
<!-- Generated by org.testng.reporters.JUnitReportReporter -->
<testsuite hostname="daniel-inspiron157000gaming" failures="0" tests="3" name="Production.ProductTest" time="0.002" errors="0" timestamp="2020-08-20T18:29:49 CST" skipped="0">
  <testcase classname="Production.ProductTest" name="testSetAndGetIdProduct" time="0.000"/>
  <testcase classname="Production.ProductTest" name="testSetAndGetName" time="0.001"/>
  <testcase classname="Production.ProductTest" name="testSetAndGetDescription" time="0.001"/>
</testsuite> <!-- Production.ProductTest -->
