<?xml version="1.0" encoding="UTF-8"?>
<!-- Generated by org.testng.reporters.JUnitReportReporter -->
<testsuite skipped="0" hostname="angelrg-ASUS" name="Production.service.ProductServiceTest" tests="3" failures="0" timestamp="2020-08-16T17:55:26 CST" time="0.003" errors="0">
  <testcase name="updateAllProductTest" time="0.001" classname="Production.service.ProductServiceTest"/>
  <testcase name="updateNullProductTest" time="0.001" classname="Production.service.ProductServiceTest"/>
  <testcase name="createProductTest" time="0.001" classname="Production.service.ProductServiceTest"/>
</testsuite> <!-- Production.service.ProductServiceTest -->
