<?xml version="1.0" encoding="UTF-8"?>
<!-- Generated by org.testng.reporters.JUnitReportReporter -->
<testsuite hostname="daniel-inspiron157000gaming" failures="0" tests="1" name="Modify.service.ModifySupplyServiceTest" time="0.003" errors="0" timestamp="2020-05-16T08:21:11 CST" skipped="0">
  <testcase classname="Modify.service.ModifySupplyServiceTest" name="createModifySupplyTest" time="0.003"/>
</testsuite> <!-- Modify.service.ModifySupplyServiceTest -->
