<?xml version="1.0" encoding="UTF-8"?>
<!-- Generated by org.testng.reporters.JUnitReportReporter -->
<testsuite skipped="0" hostname="angelrg-ASUS" name="User.CareerTest" tests="2" failures="0" timestamp="2020-08-13T10:52:20 CST" time="0.001" errors="0">
  <testcase name="testSetAndGetName" time="0.000" classname="User.CareerTest"/>
  <testcase name="testSetAndGetIdCareer" time="0.001" classname="User.CareerTest"/>
</testsuite> <!-- User.CareerTest -->
