<?xml version="1.0" encoding="UTF-8"?>
<!-- Generated by org.testng.reporters.JUnitReportReporter -->
<testsuite hostname="daniel-inspiron157000gaming" failures="0" tests="3" name="Production.service.NecessarySupplyServiceTest" time="0.007" errors="0" timestamp="2020-08-20T18:29:49 CST" skipped="0">
  <testcase classname="Production.service.NecessarySupplyServiceTest" name="createNecessarySupply" time="0.001"/>
  <testcase classname="Production.service.NecessarySupplyServiceTest" name="updateNecessarySupplyIdSupplyTest" time="0.001"/>
  <testcase classname="Production.service.NecessarySupplyServiceTest" name="updateNecessarySupplyIdStepTest" time="0.005"/>
</testsuite> <!-- Production.service.NecessarySupplyServiceTest -->
