<?xml version="1.0" encoding="UTF-8"?>
<!-- Generated by org.testng.reporters.JUnitReportReporter -->
<testsuite hostname="daniel-Inspiron-15-7000-Gaming" failures="0" tests="3" name="Group.GroupTest" time="0.002" errors="0" timestamp="2020-10-29T21:14:54 CST" skipped="0">
  <testcase classname="Group.GroupTest" name="testSetAndGetIdGroup" time="0.001"/>
  <testcase classname="Group.GroupTest" name="testSetAndGetInformation" time="0.000"/>
  <testcase classname="Group.GroupTest" name="testSetAndGetSection" time="0.001"/>
</testsuite> <!-- Group.GroupTest -->
