<?xml version="1.0" encoding="UTF-8"?>
<!-- Generated by org.testng.reporters.JUnitReportReporter -->
<testsuite skipped="0" hostname="daniel-inspiron157000gaming" name="Group.GroupTest" tests="3" failures="0" timestamp="2020-07-08T00:11:31 CST" time="0.000" errors="0">
  <testcase name="testSetAndGetSection" time="0.000" classname="Group.GroupTest"/>
  <testcase name="testSetAndGetInformation" time="0.000" classname="Group.GroupTest"/>
  <testcase name="testSetAndGetIdGroup" time="0.000" classname="Group.GroupTest"/>
</testsuite> <!-- Group.GroupTest -->
