<?xml version="1.0" encoding="UTF-8"?>
<!-- Generated by org.testng.reporters.JUnitReportReporter -->
<testsuite hostname="daniel-Inspiron-15-7000-Gaming" failures="0" tests="4" name="User.service.UserServiceTest" time="0.001" errors="0" timestamp="2020-10-29T21:14:54 CST" skipped="0">
  <testcase classname="User.service.UserServiceTest" name="updateUserTest" time="0.000"/>
  <testcase classname="User.service.UserServiceTest" name="updateUserNullTest" time="0.000"/>
  <testcase classname="User.service.UserServiceTest" name="createUserNullTest" time="0.000"/>
  <testcase classname="User.service.UserServiceTest" name="createUserTest" time="0.001"/>
</testsuite> <!-- User.service.UserServiceTest -->
