<?xml version="1.0" encoding="UTF-8"?>
<!-- Generated by org.testng.reporters.JUnitReportReporter -->
<testsuite hostname="daniel-inspiron157000gaming" failures="0" tests="6" name="Production.repository.CommentaryRepositoryTest" time="0.007" errors="0" timestamp="2020-08-19T23:49:52 CST" skipped="0">
  <testcase classname="Production.repository.CommentaryRepositoryTest" name="getCommentaryByIdResultWithResult" time="0.001"/>
  <testcase classname="Production.repository.CommentaryRepositoryTest" name="getAllWithNoResult" time="0.003"/>
  <testcase classname="Production.repository.CommentaryRepositoryTest" name="getCommentaryByStageWithNoResult" time="0.001"/>
  <testcase classname="Production.repository.CommentaryRepositoryTest" name="getAllWithResult" time="0.001"/>
  <testcase classname="Production.repository.CommentaryRepositoryTest" name="getCommentaryByIdResultWithNoResult" time="0.001"/>
  <testcase classname="Production.repository.CommentaryRepositoryTest" name="getCommentaryByStageWithResult" time="0.000"/>
</testsuite> <!-- Production.repository.CommentaryRepositoryTest -->
