<?xml version="1.0" encoding="UTF-8"?>
<!-- Generated by org.testng.reporters.JUnitReportReporter -->
<testsuite hostname="daniel-inspiron157000gaming" failures="0" tests="3" name="Production.service.CommentaryServiceTest" time="0.009" errors="0" timestamp="2020-08-15T20:13:33 CST" skipped="0">
  <testcase classname="Production.service.CommentaryServiceTest" name="updateCommentaryStageIdTest" time="0.006"/>
  <testcase classname="Production.service.CommentaryServiceTest" name="createCommentaryTest" time="0.002"/>
  <testcase classname="Production.service.CommentaryServiceTest" name="updateCommentaryTextTest" time="0.001"/>
</testsuite> <!-- Production.service.CommentaryServiceTest -->
