<?xml version="1.0" encoding="UTF-8"?>
<!-- Generated by org.testng.reporters.JUnitReportReporter -->
<testsuite skipped="0" hostname="angelrg-ASUS" name="User.repository.UserRepositoryTest" tests="7" failures="0" timestamp="2020-08-16T00:39:25 CST" time="0.052" errors="0">
  <testcase name="getUserWithStateTest" time="0.004" classname="User.repository.UserRepositoryTest"/>
  <testcase name="getUserWithCarnetTest" time="0.015" classname="User.repository.UserRepositoryTest"/>
  <testcase name="getUserWithNameTest" time="0.003" classname="User.repository.UserRepositoryTest"/>
  <testcase name="getUserByCarnetEmptyTest" time="0.008" classname="User.repository.UserRepositoryTest"/>
  <testcase name="getUseTest" time="0.018" classname="User.repository.UserRepositoryTest"/>
  <testcase name="getUserWithIdCareer" time="0.003" classname="User.repository.UserRepositoryTest"/>
  <testcase name="getUserByCarnetTest" time="0.001" classname="User.repository.UserRepositoryTest"/>
</testsuite> <!-- User.repository.UserRepositoryTest -->
