<?xml version="1.0" encoding="UTF-8"?>
<!-- Generated by org.testng.reporters.JUnitReportReporter -->
<testsuite hostname="daniel-inspiron157000gaming" failures="0" tests="4" name="Production.repository.StageRepositoryTest" time="0.003" errors="0" timestamp="2020-05-31T19:29:35 CST" skipped="0">
  <testcase classname="Production.repository.StageRepositoryTest" name="AllProductionsTest" time="0.000"/>
  <testcase classname="Production.repository.StageRepositoryTest" name="FindByIdProductionNoResultExceptionTest" time="0.001"/>
  <testcase classname="Production.repository.StageRepositoryTest" name="FindByIdProductionTest" time="0.001"/>
  <testcase classname="Production.repository.StageRepositoryTest" name="findProductionLikeNameTest" time="0.001"/>
</testsuite> <!-- Production.repository.StageRepositoryTest -->
