<?xml version="1.0" encoding="UTF-8"?>
<!-- Generated by org.testng.reporters.JUnitReportReporter -->
<testsuite hostname="daniel-inspiron157000gaming" failures="0" tests="6" name="User.facade.UserFacadeTest" time="0.001" errors="0" timestamp="2020-08-19T23:49:52 CST" skipped="0">
  <testcase classname="User.facade.UserFacadeTest" name="updateCareerTest" time="0.000"/>
  <testcase classname="User.facade.UserFacadeTest" name="createCareerTest" time="0.001"/>
  <testcase classname="User.facade.UserFacadeTest" name="updateUserTest" time="0.000"/>
  <testcase classname="User.facade.UserFacadeTest" name="createUserTest" time="0.000"/>
  <testcase classname="User.facade.UserFacadeTest" name="getUserTest" time="0.000"/>
  <testcase classname="User.facade.UserFacadeTest" name="getCareerTest" time="0.000"/>
</testsuite> <!-- User.facade.UserFacadeTest -->
