<?xml version="1.0" encoding="UTF-8"?>
<!-- Generated by org.testng.reporters.JUnitReportReporter -->
<testsuite hostname="daniel-inspiron157000gaming" failures="0" tests="2" name="Supply.repository.MeasureRepositoryTest" time="0.055" errors="0" timestamp="2020-08-19T23:49:52 CST" skipped="0">
  <testcase classname="Supply.repository.MeasureRepositoryTest" name="getMeasuresTestNoEmpty" time="0.001"/>
  <testcase classname="Supply.repository.MeasureRepositoryTest" name="getMeasuresTestEmpty" time="0.054"/>
</testsuite> <!-- Supply.repository.MeasureRepositoryTest -->
