<?xml version="1.0" encoding="UTF-8"?>
<!-- Generated by org.testng.reporters.JUnitReportReporter -->
<testsuite skipped="0" hostname="angelrg-ASUS" name="User.repository.RolUserRepositoryTest" tests="3" failures="0" timestamp="2020-08-14T16:26:08 CST" time="0.008" errors="0">
  <testcase name="getRolUserWithName" time="0.002" classname="User.repository.RolUserRepositoryTest"/>
  <testcase name="getRolUserWithId" time="0.003" classname="User.repository.RolUserRepositoryTest"/>
  <testcase name="getRolUser" time="0.003" classname="User.repository.RolUserRepositoryTest"/>
</testsuite> <!-- User.repository.RolUserRepositoryTest -->
