<?xml version="1.0" encoding="UTF-8"?>
<!-- Generated by org.testng.reporters.JUnitReportReporter -->
<testsuite skipped="0" hostname="DESKTOP-C9MDD9E" name="Production.repository.StepRepositoryTest" tests="3" failures="0" timestamp="2020-09-19T11:34:36 CST" time="0.000" errors="0">
  <testcase name="FindByIdProductionNoResultExceptionTest" time="0.000" classname="Production.repository.StepRepositoryTest"/>
  <testcase name="findProductionLikeNameTest" time="0.000" classname="Production.repository.StepRepositoryTest"/>
  <testcase name="AllProductionsTest" time="0.000" classname="Production.repository.StepRepositoryTest"/>
</testsuite> <!-- Production.repository.StepRepositoryTest -->
