<?xml version="1.0" encoding="UTF-8"?>
<!-- Generated by org.testng.reporters.JUnitReportReporter -->
<testsuite hostname="daniel-inspiron157000gaming" failures="0" tests="7" name="User.repository.UserRepositoryTest" time="0.014" errors="0" timestamp="2020-08-15T20:13:33 CST" skipped="0">
  <testcase classname="User.repository.UserRepositoryTest" name="getUserWithNameTest" time="0.002"/>
  <testcase classname="User.repository.UserRepositoryTest" name="getUserWithCarnetTest" time="0.002"/>
  <testcase classname="User.repository.UserRepositoryTest" name="getUserWithIdCareer" time="0.001"/>
  <testcase classname="User.repository.UserRepositoryTest" name="getUserByCarnetEmptyTest" time="0.004"/>
  <testcase classname="User.repository.UserRepositoryTest" name="getUseTest" time="0.002"/>
  <testcase classname="User.repository.UserRepositoryTest" name="getUserByCarnetTest" time="0.001"/>
  <testcase classname="User.repository.UserRepositoryTest" name="getUserWithStateTest" time="0.002"/>
</testsuite> <!-- User.repository.UserRepositoryTest -->
