<?xml version="1.0" encoding="UTF-8"?>
<!-- Generated by org.testng.reporters.JUnitReportReporter -->
<<<<<<< HEAD
<testsuite hostname="daniel-inspiron157000gaming" failures="0" tests="2" name="User.CareerTest" time="0.001" errors="0" timestamp="2020-08-20T18:29:49 CST" skipped="0">
  <testcase classname="User.CareerTest" name="testSetAndGetIdCareer" time="0.001"/>
  <testcase classname="User.CareerTest" name="testSetAndGetName" time="0.000"/>
=======
<testsuite skipped="0" hostname="angelrg-ASUS" name="User.CareerTest" tests="2" failures="0" timestamp="2020-08-20T03:10:56 CST" time="0.001" errors="0">
  <testcase name="testSetAndGetName" time="0.000" classname="User.CareerTest"/>
  <testcase name="testSetAndGetIdCareer" time="0.001" classname="User.CareerTest"/>
>>>>>>> dev
</testsuite> <!-- User.CareerTest -->
