<?xml version="1.0" encoding="UTF-8"?>
<!-- Generated by org.testng.reporters.JUnitReportReporter -->
<testsuite hostname="daniel-inspiron157000gaming" failures="0" tests="3" name="Supply.MeasureTest" time="0.001" errors="0" timestamp="2020-08-19T23:49:52 CST" skipped="0">
  <testcase classname="Supply.MeasureTest" name="testSetAndGetIdMeasure" time="0.001"/>
  <testcase classname="Supply.MeasureTest" name="testSetAndGetName" time="0.000"/>
  <testcase classname="Supply.MeasureTest" name="testSetAndGetCollectionSupply" time="0.000"/>
</testsuite> <!-- Supply.MeasureTest -->
