<?xml version="1.0" encoding="UTF-8"?>
<!-- Generated by org.testng.reporters.JUnitReportReporter -->
<testsuite skipped="0" hostname="angelrg-ASUS" name="Modify.service.ModifySupplyServiceTest" tests="1" failures="0" timestamp="2020-08-20T03:10:56 CST" time="0.004" errors="0">
  <testcase name="createModifySupplyTest" time="0.004" classname="Modify.service.ModifySupplyServiceTest"/>
</testsuite> <!-- Modify.service.ModifySupplyServiceTest -->
