<?xml version="1.0" encoding="UTF-8"?>
<!-- Generated by org.testng.reporters.JUnitReportReporter -->
<testsuite hostname="daniel-inspiron157000gaming" failures="0" tests="3" name="Group.GroupTest" time="0.000" errors="0" timestamp="2020-05-31T19:29:35 CST" skipped="0">
  <testcase classname="Group.GroupTest" name="testSetAndGetIdGroup" time="0.000"/>
  <testcase classname="Group.GroupTest" name="testSetAndGetInformation" time="0.000"/>
  <testcase classname="Group.GroupTest" name="testSetAndGetSection" time="0.000"/>
</testsuite> <!-- Group.GroupTest -->
