<?xml version="1.0" encoding="UTF-8"?>
<!-- Generated by org.testng.reporters.JUnitReportReporter -->
<testsuite skipped="0" hostname="angelrg-ASUS" name="Supply.MeasureTest" tests="3" failures="0" timestamp="2020-08-13T10:52:20 CST" time="0.002" errors="0">
  <testcase name="testSetAndGetName" time="0.000" classname="Supply.MeasureTest"/>
  <testcase name="testSetAndGetCollectionSupply" time="0.001" classname="Supply.MeasureTest"/>
  <testcase name="testSetAndGetIdMeasure" time="0.001" classname="Supply.MeasureTest"/>
</testsuite> <!-- Supply.MeasureTest -->
