<?xml version="1.0" encoding="UTF-8"?>
<!-- Generated by org.testng.reporters.JUnitReportReporter -->
<testsuite skipped="0" hostname="DESKTOP-C9MDD9E" name="Group.service.GroupServiceTest" tests="4" failures="0" timestamp="2020-09-19T11:34:36 CST" time="0.011" errors="0">
  <testcase name="updateGroupSectionTest" time="0.001" classname="Group.service.GroupServiceTest"/>
  <testcase name="updateGroupInformationTest" time="0.006" classname="Group.service.GroupServiceTest"/>
  <testcase name="updateGroupSectionAndInformationTest" time="0.001" classname="Group.service.GroupServiceTest"/>
  <testcase name="createGroupTest" time="0.003" classname="Group.service.GroupServiceTest"/>
</testsuite> <!-- Group.service.GroupServiceTest -->
