<?xml version="1.0" encoding="UTF-8"?>
<!-- Generated by org.testng.reporters.JUnitReportReporter -->
<testsuite skipped="0" hostname="DESKTOP-C9MDD9E" name="Group.GroupTest" tests="3" failures="0" timestamp="2020-09-19T11:34:36 CST" time="0.015" errors="0">
  <testcase name="testSetAndGetInformation" time="0.001" classname="Group.GroupTest"/>
  <testcase name="testSetAndGetIdGroup" time="0.014" classname="Group.GroupTest"/>
  <testcase name="testSetAndGetSection" time="0.000" classname="Group.GroupTest"/>
</testsuite> <!-- Group.GroupTest -->
