<?xml version="1.0" encoding="UTF-8"?>
<!-- Generated by org.testng.reporters.JUnitReportReporter -->
<<<<<<< HEAD
<testsuite hostname="daniel-inspiron157000gaming" failures="0" tests="4" name="Group.service.GroupServiceTest" time="0.005" errors="0" timestamp="2020-08-20T18:29:49 CST" skipped="0">
  <testcase classname="Group.service.GroupServiceTest" name="createGroupTest" time="0.000"/>
  <testcase classname="Group.service.GroupServiceTest" name="updateGroupSectionTest" time="0.000"/>
  <testcase classname="Group.service.GroupServiceTest" name="updateGroupInformationTest" time="0.004"/>
  <testcase classname="Group.service.GroupServiceTest" name="updateGroupSectionAndInformationTest" time="0.001"/>
=======
<testsuite skipped="0" hostname="angelrg-ASUS" name="Group.service.GroupServiceTest" tests="4" failures="0" timestamp="2020-08-20T03:10:56 CST" time="0.011" errors="0">
  <testcase name="updateGroupSectionAndInformationTest" time="0.001" classname="Group.service.GroupServiceTest"/>
  <testcase name="createGroupTest" time="0.005" classname="Group.service.GroupServiceTest"/>
  <testcase name="updateGroupSectionTest" time="0.000" classname="Group.service.GroupServiceTest"/>
  <testcase name="updateGroupInformationTest" time="0.005" classname="Group.service.GroupServiceTest"/>
>>>>>>> dev
</testsuite> <!-- Group.service.GroupServiceTest -->
