<?xml version="1.0" encoding="UTF-8"?>
<!-- Generated by org.testng.reporters.JUnitReportReporter -->
<<<<<<< HEAD
<testsuite hostname="daniel-inspiron157000gaming" failures="0" tests="4" name="Group.repository.GroupRepositoryTest" time="0.002" errors="0" timestamp="2020-08-20T18:29:49 CST" skipped="0">
  <testcase classname="Group.repository.GroupRepositoryTest" name="getAllEmptyResult" time="0.000"/>
  <testcase classname="Group.repository.GroupRepositoryTest" name="findByIdWithResult" time="0.000"/>
  <testcase classname="Group.repository.GroupRepositoryTest" name="getAllWithResult" time="0.000"/>
  <testcase classname="Group.repository.GroupRepositoryTest" name="findByIdWithNoResult" time="0.002"/>
=======
<testsuite skipped="0" hostname="angelrg-ASUS" name="Group.repository.GroupRepositoryTest" tests="4" failures="0" timestamp="2020-08-20T03:10:56 CST" time="0.003" errors="0">
  <testcase name="findByIdWithResult" time="0.000" classname="Group.repository.GroupRepositoryTest"/>
  <testcase name="findByIdWithNoResult" time="0.001" classname="Group.repository.GroupRepositoryTest"/>
  <testcase name="getAllEmptyResult" time="0.001" classname="Group.repository.GroupRepositoryTest"/>
  <testcase name="getAllWithResult" time="0.001" classname="Group.repository.GroupRepositoryTest"/>
>>>>>>> dev
</testsuite> <!-- Group.repository.GroupRepositoryTest -->
