<?xml version="1.0" encoding="UTF-8"?>
<!-- Generated by org.testng.reporters.JUnitReportReporter -->
<testsuite hostname="daniel-inspiron157000gaming" failures="0" tests="3" name="User.repository.RolUserRepositoryTest" time="0.018" errors="0" timestamp="2020-05-31T19:29:35 CST" skipped="0">
  <testcase classname="User.repository.RolUserRepositoryTest" name="getRolUser" time="0.010"/>
  <testcase classname="User.repository.RolUserRepositoryTest" name="getRolUserWithName" time="0.001"/>
  <testcase classname="User.repository.RolUserRepositoryTest" name="getRolUserWithId" time="0.007"/>
</testsuite> <!-- User.repository.RolUserRepositoryTest -->
