<?xml version="1.0" encoding="UTF-8"?>
<!-- Generated by org.testng.reporters.JUnitReportReporter -->
<testsuite skipped="0" hostname="angelrg-ASUS" name="Production.service.StageServiceTest" tests="3" failures="0" timestamp="2020-08-20T03:10:56 CST" time="0.002" errors="0">
  <testcase name="editProductionTest" time="0.000" classname="Production.service.StageServiceTest"/>
  <testcase name="MandatoryAttributeProductionExceptionNameEdit" time="0.001" classname="Production.service.StageServiceTest"/>
  <testcase name="MandatoryAttributeProductionExceptionUnityEdit" time="0.001" classname="Production.service.StageServiceTest"/>
</testsuite> <!-- Production.service.StageServiceTest -->
