<?xml version="1.0" encoding="UTF-8"?>
<!-- Generated by org.testng.reporters.JUnitReportReporter -->
<testsuite skipped="0" hostname="DESKTOP-C9MDD9E" name="Production.ProductionTest" tests="8" failures="0" timestamp="2020-09-19T11:34:36 CST" time="0.003" errors="0">
  <testcase name="testSetAndGetName" time="0.000" classname="Production.ProductionTest"/>
  <testcase name="testSetAndGetIdProduction" time="0.001" classname="Production.ProductionTest"/>
  <testcase name="testSetAndGetState" time="0.000" classname="Production.ProductionTest"/>
  <testcase name="testSetAndQuantit" time="0.000" classname="Production.ProductionTest"/>
  <testcase name="testEquals" time="0.000" classname="Production.ProductionTest"/>
  <testcase name="productionBuilderTest" time="0.001" classname="Production.ProductionTest"/>
  <testcase name="testSetAndGetProduct" time="0.001" classname="Production.ProductionTest"/>
  <testcase name="testSetAndGetUnity" time="0.000" classname="Production.ProductionTest"/>
</testsuite> <!-- Production.ProductionTest -->
