<?xml version="1.0" encoding="UTF-8"?>
<!-- Generated by org.testng.reporters.JUnitReportReporter -->
<testsuite hostname="daniel-Inspiron-15-7000-Gaming" failures="0" tests="4" name="Production.repository.StepRepositoryTest" time="0.005" errors="0" timestamp="2020-10-29T21:14:54 CST" skipped="0">
  <testcase classname="Production.repository.StepRepositoryTest" name="AllProductionsTest" time="0.001"/>
  <testcase classname="Production.repository.StepRepositoryTest" name="findProductionLikeNameTest" time="0.001"/>
  <testcase classname="Production.repository.StepRepositoryTest" name="FindByIdProductionNoResultExceptionTest" time="0.002"/>
  <testcase classname="Production.repository.StepRepositoryTest" name="FindByIdProductionTest" time="0.001"/>
</testsuite> <!-- Production.repository.StepRepositoryTest -->
