<?xml version="1.0" encoding="UTF-8"?>
<!-- Generated by org.testng.reporters.JUnitReportReporter -->
<testsuite skipped="0" hostname="angelrg-ASUS" name="User.service.RolUserServiceTest" tests="4" failures="0" timestamp="2020-08-14T19:03:46 CST" time="0.026" errors="0">
  <testcase name="updateCareerTest" time="0.003" classname="User.service.RolUserServiceTest"/>
  <testcase name="createCareerTest" time="0.006" classname="User.service.RolUserServiceTest"/>
  <testcase name="updateCareerNullTest" time="0.001" classname="User.service.RolUserServiceTest"/>
  <testcase name="createCareerNullTest" time="0.016" classname="User.service.RolUserServiceTest"/>
</testsuite> <!-- User.service.RolUserServiceTest -->
