<?xml version="1.0" encoding="UTF-8"?>
<!-- Generated by org.testng.reporters.JUnitReportReporter -->
<<<<<<< HEAD
<testsuite hostname="daniel-inspiron157000gaming" failures="0" tests="6" name="Production.repository.CommentaryRepositoryTest" time="0.007" errors="0" timestamp="2020-08-20T18:29:49 CST" skipped="0">
  <testcase classname="Production.repository.CommentaryRepositoryTest" name="getCommentaryByIdResultWithResult" time="0.000"/>
  <testcase classname="Production.repository.CommentaryRepositoryTest" name="getAllWithNoResult" time="0.003"/>
  <testcase classname="Production.repository.CommentaryRepositoryTest" name="getCommentaryByStageWithNoResult" time="0.001"/>
  <testcase classname="Production.repository.CommentaryRepositoryTest" name="getAllWithResult" time="0.001"/>
  <testcase classname="Production.repository.CommentaryRepositoryTest" name="getCommentaryByIdResultWithNoResult" time="0.001"/>
  <testcase classname="Production.repository.CommentaryRepositoryTest" name="getCommentaryByStageWithResult" time="0.001"/>
=======
<testsuite skipped="0" hostname="angelrg-ASUS" name="Production.repository.CommentaryRepositoryTest" tests="6" failures="0" timestamp="2020-08-20T03:10:56 CST" time="0.008" errors="0">
  <testcase name="getAllWithResult" time="0.001" classname="Production.repository.CommentaryRepositoryTest"/>
  <testcase name="getAllWithNoResult" time="0.004" classname="Production.repository.CommentaryRepositoryTest"/>
  <testcase name="getCommentaryByStageWithResult" time="0.001" classname="Production.repository.CommentaryRepositoryTest"/>
  <testcase name="getCommentaryByIdResultWithNoResult" time="0.001" classname="Production.repository.CommentaryRepositoryTest"/>
  <testcase name="getCommentaryByStageWithNoResult" time="0.001" classname="Production.repository.CommentaryRepositoryTest"/>
  <testcase name="getCommentaryByIdResultWithResult" time="0.000" classname="Production.repository.CommentaryRepositoryTest"/>
>>>>>>> dev
</testsuite> <!-- Production.repository.CommentaryRepositoryTest -->
