<?xml version="1.0" encoding="UTF-8"?>
<!-- Generated by org.testng.reporters.JUnitReportReporter -->
<testsuite skipped="0" hostname="angelrg-ASUS" name="Production.ProductionTest" tests="8" failures="0" timestamp="2020-08-16T00:39:25 CST" time="0.001" errors="0">
  <testcase name="productionBuilderTest" time="0.000" classname="Production.ProductionTest"/>
  <testcase name="testSetAndGetProduct" time="0.000" classname="Production.ProductionTest"/>
  <testcase name="testSetAndGetName" time="0.000" classname="Production.ProductionTest"/>
  <testcase name="testSetAndGetUnity" time="0.000" classname="Production.ProductionTest"/>
  <testcase name="testSetAndGetState" time="0.000" classname="Production.ProductionTest"/>
  <testcase name="testSetAndQuantit" time="0.000" classname="Production.ProductionTest"/>
  <testcase name="testEquals" time="0.000" classname="Production.ProductionTest"/>
  <testcase name="testSetAndGetIdProduction" time="0.001" classname="Production.ProductionTest"/>
</testsuite> <!-- Production.ProductionTest -->
