<?xml version="1.0" encoding="UTF-8"?>
<!-- Generated by org.testng.reporters.JUnitReportReporter -->
<testsuite skipped="0" hostname="DESKTOP-C9MDD9E" name="Modify.repository.ModifySupplyRepositoryTest" tests="4" failures="0" timestamp="2020-09-19T11:34:36 CST" time="0.010" errors="0">
  <testcase name="getMidificationBySupplyTest" time="0.000" classname="Modify.repository.ModifySupplyRepositoryTest"/>
  <testcase name="findByIdTest" time="0.002" classname="Modify.repository.ModifySupplyRepositoryTest"/>
  <testcase name="getAllTest" time="0.007" classname="Modify.repository.ModifySupplyRepositoryTest"/>
  <testcase name="getMidificationByUserTest" time="0.001" classname="Modify.repository.ModifySupplyRepositoryTest"/>
</testsuite> <!-- Modify.repository.ModifySupplyRepositoryTest -->
