<?xml version="1.0" encoding="UTF-8" ?>
<testsuite tests="158" failures="0" name="TestSuite" time="0.272" errors="0" skipped="0">
  <properties>
    <property name="java.runtime.name" value="Java(TM) SE Runtime Environment"/>
    <property name="sun.boot.library.path" value="C:\Program Files\Java\jdk1.8.0_261\jre\bin"/>
    <property name="java.vm.version" value="25.261-b12"/>
    <property name="java.vm.vendor" value="Oracle Corporation"/>
    <property name="maven.multiModuleProjectDirectory" value="C:\Users\danie\Documents\Proyectos\Java\LaboratorioIndustial\Code\ProyectoIndustrial"/>
    <property name="java.vendor.url" value="http://java.oracle.com/"/>
    <property name="path.separator" value=";"/>
    <property name="guice.disable.misplaced.annotation.check" value="true"/>
    <property name="java.vm.name" value="Java HotSpot(TM) 64-Bit Server VM"/>
    <property name="file.encoding.pkg" value="sun.io"/>
    <property name="user.script" value=""/>
    <property name="user.country" value="GT"/>
    <property name="sun.java.launcher" value="SUN_STANDARD"/>
    <property name="sun.os.patch.level" value=""/>
    <property name="java.vm.specification.name" value="Java Virtual Machine Specification"/>
    <property name="user.dir" value="C:\Users\danie\Documents\Proyectos\Java\LaboratorioIndustial\Code\ProyectoIndustrial"/>
    <property name="java.runtime.version" value="1.8.0_261-b12"/>
    <property name="java.awt.graphicsenv" value="sun.awt.Win32GraphicsEnvironment"/>
    <property name="java.endorsed.dirs" value="C:\Program Files\Java\jdk1.8.0_261\jre\lib\endorsed"/>
    <property name="os.arch" value="amd64"/>
    <property name="java.io.tmpdir" value="C:\Users\danie\AppData\Local\Temp\"/>
    <property name="line.separator" value="
"/>
    <property name="java.vm.specification.vendor" value="Oracle Corporation"/>
    <property name="user.variant" value=""/>
    <property name="os.name" value="Windows 10"/>
    <property name="maven.ext.class.path" value="C:\Program Files\NetBeans-12.0\netbeans\java\maven-nblib\netbeans-eventspy.jar"/>
    <property name="classworlds.conf" value="C:\Program Files\NetBeans-12.0\netbeans\java\maven\bin\..\bin\m2.conf"/>
    <property name="sun.jnu.encoding" value="Cp1252"/>
    <property name="java.library.path" value="C:\Program Files\Java\jdk1.8.0_261\bin;C:\Windows\Sun\Java\bin;C:\Windows\system32;C:\Windows;C:\Program Files\Common Files\Oracle\Java\javapath;C:\Program Files (x86)\Common Files\Oracle\Java\javapath;C:\Windows\system32;C:\Windows;C:\Windows\System32\Wbem;C:\Windows\System32\WindowsPowerShell\v1.0\;C:\Windows\System32\OpenSSH\;C:\Program Files\dotnet\;C:\Program Files\Git\cmd;C:\Program Files\swipl\bin;C:\Users\danie\AppData\Local\Programs\Python\Python37\Scripts\;C:\Users\danie\AppData\Local\Programs\Python\Python37\;C:\Users\danie\AppData\Local\Microsoft\WindowsApps;C:\Users\danie\.dotnet\tools;C:\Users\danie\AppData\Local\atom\bin;."/>
    <property name="maven.conf" value="C:\Program Files\NetBeans-12.0\netbeans\java\maven\bin\../conf"/>
    <property name="java.specification.name" value="Java Platform API Specification"/>
    <property name="java.class.version" value="52.0"/>
    <property name="sun.management.compiler" value="HotSpot 64-Bit Tiered Compilers"/>
    <property name="os.version" value="10.0"/>
    <property name="library.jansi.path" value="C:\Program Files\NetBeans-12.0\netbeans\java\maven\bin\..\lib\jansi-native"/>
    <property name="user.home" value="C:\Users\danie"/>
    <property name="user.timezone" value="America/Regina"/>
    <property name="java.awt.printerjob" value="sun.awt.windows.WPrinterJob"/>
    <property name="java.specification.version" value="1.8"/>
    <property name="file.encoding" value="UTF-8"/>
    <property name="user.name" value="daniel"/>
    <property name="java.class.path" value="C:\Program Files\NetBeans-12.0\netbeans\java\maven\bin\..\boot\plexus-classworlds-2.6.0.jar"/>
    <property name="java.vm.specification.version" value="1.8"/>
    <property name="sun.arch.data.model" value="64"/>
    <property name="java.home" value="C:\Program Files\Java\jdk1.8.0_261\jre"/>
    <property name="sun.java.command" value="org.codehaus.plexus.classworlds.launcher.Launcher -Dmaven.ext.class.path=C:\Program Files\NetBeans-12.0\netbeans\java\maven-nblib\netbeans-eventspy.jar -Dfile.encoding=UTF-8 clean install"/>
    <property name="java.specification.vendor" value="Oracle Corporation"/>
    <property name="user.language" value="es"/>
    <property name="awt.toolkit" value="sun.awt.windows.WToolkit"/>
    <property name="java.vm.info" value="mixed mode"/>
    <property name="java.version" value="1.8.0_261"/>
    <property name="java.ext.dirs" value="C:\Program Files\Java\jdk1.8.0_261\jre\lib\ext;C:\Windows\Sun\Java\lib\ext"/>
    <property name="sun.boot.class.path" value="C:\Program Files\Java\jdk1.8.0_261\jre\lib\resources.jar;C:\Program Files\Java\jdk1.8.0_261\jre\lib\rt.jar;C:\Program Files\Java\jdk1.8.0_261\jre\lib\sunrsasign.jar;C:\Program Files\Java\jdk1.8.0_261\jre\lib\jsse.jar;C:\Program Files\Java\jdk1.8.0_261\jre\lib\jce.jar;C:\Program Files\Java\jdk1.8.0_261\jre\lib\charsets.jar;C:\Program Files\Java\jdk1.8.0_261\jre\lib\jfr.jar;C:\Program Files\Java\jdk1.8.0_261\jre\classes"/>
    <property name="java.vendor" value="Oracle Corporation"/>
    <property name="maven.home" value="C:\Program Files\NetBeans-12.0\netbeans\java\maven\bin\.."/>
    <property name="file.separator" value="\"/>
    <property name="java.vendor.url.bug" value="http://bugreport.sun.com/bugreport/"/>
    <property name="sun.cpu.endian" value="little"/>
    <property name="sun.io.unicode.encoding" value="UnicodeLittle"/>
    <property name="sun.desktop" value="windows"/>
    <property name="sun.cpu.isalist" value="amd64"/>
  </properties>
  <testcase classname="Group.GroupTest" name="testSetAndGetIdGroup" time="0.016"/>
  <testcase classname="Group.GroupTest" name="testSetAndGetInformation" time="0"/>
  <testcase classname="Group.GroupTest" name="testSetAndGetSection" time="0"/>
  <testcase classname="Supply.SupplyTest" name="testSetAndGetAvailability" time="0"/>
  <testcase classname="Supply.SupplyTest" name="testSetAndGetCode" time="0.001"/>
  <testcase classname="Supply.SupplyTest" name="testSetAndGetCost" time="0"/>
  <testcase classname="Supply.SupplyTest" name="testSetAndGetDateOfAdmission" time="0.001"/>
  <testcase classname="Supply.SupplyTest" name="testSetAndGetDescription" time="0"/>
  <testcase classname="Supply.SupplyTest" name="testSetAndGetExpirationDate" time="0.001"/>
  <testcase classname="Supply.SupplyTest" name="testSetAndGetInternalCode" time="0"/>
  <testcase classname="Supply.SupplyTest" name="testSetAndGetMeasure" time="0"/>
  <testcase classname="Supply.SupplyTest" name="testSetAndGetName" time="0"/>
  <testcase classname="Supply.SupplyTest" name="testSetAndGetQuantity" time="0"/>
  <testcase classname="User.CareerTest" name="testSetAndGetIdCareer" time="0.001"/>
  <testcase classname="User.CareerTest" name="testSetAndGetName" time="0"/>
  <testcase classname="Group.GroupUserTest" name="testSetAndGetGroup" time="0.002"/>
  <testcase classname="Group.GroupUserTest" name="testSetAndGetIdGroupAdmissionDate" time="0"/>
  <testcase classname="Group.GroupUserTest" name="testSetAndGetIdGroupUser" time="0"/>
  <testcase classname="Group.GroupUserTest" name="testSetAndGetUser" time="0"/>
  <testcase classname="Group.repository.GroupRepositoryTest" name="findByIdWithNoResult" time="0.028"/>
  <testcase classname="Group.repository.GroupRepositoryTest" name="findByIdWithResult" time="0.001"/>
  <testcase classname="Group.repository.GroupRepositoryTest" name="getAllEmptyResult" time="0.016"/>
  <testcase classname="Group.repository.GroupRepositoryTest" name="getAllWithResult" time="0.001"/>
  <testcase classname="User.facade.UserFacadeTest" name="createCareerTest" time="0"/>
  <testcase classname="User.facade.UserFacadeTest" name="createUserTest" time="0.001"/>
  <testcase classname="User.facade.UserFacadeTest" name="getCareerTest" time="0.001"/>
  <testcase classname="User.facade.UserFacadeTest" name="getUserTest" time="0"/>
  <testcase classname="User.facade.UserFacadeTest" name="updateCareerTest" time="0"/>
  <testcase classname="User.facade.UserFacadeTest" name="updateUserTest" time="0"/>
  <testcase classname="User.repository.CareerRepositoryTest" name="getCareer" time="0.076"/>
  <testcase classname="User.repository.CareerRepositoryTest" name="getCareerWithId" time="0.011"/>
  <testcase classname="User.repository.CareerRepositoryTest" name="getCareerWithName" time="0.002"/>
  <testcase classname="Group.repository.GroupUserRepositoryTest" name="findByIdTestWithResult" time="0.002"/>
  <testcase classname="Group.service.GroupServiceTest" name="createGroupTest" time="0.003"/>
  <testcase classname="Group.service.GroupServiceTest" name="updateGroupInformationTest" time="0.006"/>
  <testcase classname="Group.service.GroupServiceTest" name="updateGroupSectionAndInformationTest" time="0.001"/>
  <testcase classname="Group.service.GroupServiceTest" name="updateGroupSectionTest" time="0"/>
  <testcase classname="User.repository.RolUserRepositoryTest" name="getRolUser" time="0.003"/>
  <testcase classname="User.repository.RolUserRepositoryTest" name="getRolUserWithId" time="0.001"/>
  <testcase classname="User.repository.RolUserRepositoryTest" name="getRolUserWithName" time="0.002"/>
  <testcase classname="Group.service.GroupUserServiceTest" name="createGroupUserTest" time="0.002"/>
  <testcase classname="Group.service.GroupUserServiceTest" name="removeUserFromGroupSuccessTest" time="0"/>
  <testcase classname="Group.service.GroupUserServiceTest" name="updateUserGroupTest" time="0.001"/>
  <testcase classname="User.repository.UserRepositoryTest" name="getUseTest" time="0.002"/>
  <testcase classname="User.repository.UserRepositoryTest" name="getUserByCarnetEmptyTest" time="0.005"/>
  <testcase classname="User.repository.UserRepositoryTest" name="getUserByCarnetTest" time="0.001"/>
  <testcase classname="User.repository.UserRepositoryTest" name="getUserWithCarnetTest" time="0.003"/>
  <testcase classname="User.repository.UserRepositoryTest" name="getUserWithNameTest" time="0.002"/>
  <testcase classname="User.repository.UserRepositoryTest" name="getUserWithStateTest" time="0.002"/>
  <testcase classname="Modify.ModifySupplyTest" name="testGetAndSetDate" time="0.002"/>
  <testcase classname="Modify.ModifySupplyTest" name="testGetAndSetIdModifySupply" time="0"/>
  <testcase classname="Modify.ModifySupplyTest" name="testGetAndSetNota" time="0"/>
  <testcase classname="Modify.ModifySupplyTest" name="testGetAndSetQuantity" time="0"/>
  <testcase classname="Modify.ModifySupplyTest" name="testGetAndSetSupply" time="0.001"/>
  <testcase classname="Modify.ModifySupplyTest" name="testGetAndSetUser" time="0"/>
  <testcase classname="User.RolUserTest" name="testSetAndGetIdRolUser" time="0"/>
  <testcase classname="User.RolUserTest" name="testSetAndGetName" time="0"/>
  <testcase classname="User.service.CareerServiceTest" name="createCareerNullTest" time="0"/>
  <testcase classname="User.service.CareerServiceTest" name="createCareerTest" time="0.001"/>
  <testcase classname="User.service.CareerServiceTest" name="updateCareerNullTest" time="0"/>
  <testcase classname="User.service.CareerServiceTest" name="updateCareerTest" time="0"/>
  <testcase classname="Modify.repository.ModifySupplyRepositoryTest" name="findByIdTest" time="0.002"/>
  <testcase classname="Modify.repository.ModifySupplyRepositoryTest" name="getAllTest" time="0.007"/>
  <testcase classname="Modify.repository.ModifySupplyRepositoryTest" name="getMidificationBySupplyTest" time="0.001"/>
  <testcase classname="Modify.repository.ModifySupplyRepositoryTest" name="getMidificationByUserTest" time="0.001"/>
  <testcase classname="Modify.service.ModifySupplyServiceTest" name="createModifySupplyTest" time="0.001"/>
  <testcase classname="User.service.RolUserServiceTest" name="createCareerNullTest" time="0.002"/>
  <testcase classname="User.service.RolUserServiceTest" name="createCareerTest" time="0"/>
  <testcase classname="User.service.RolUserServiceTest" name="updateCareerNullTest" time="0"/>
  <testcase classname="User.service.RolUserServiceTest" name="updateCareerTest" time="0.001"/>
  <testcase classname="Production.CommentaryTest" name="testSetAndGetIdCommentary" time="0.001"/>
  <testcase classname="Production.CommentaryTest" name="testSetAndGetPaso" time="0"/>
  <testcase classname="Production.CommentaryTest" name="testSetAndGetText" time="0"/>
  <testcase classname="User.service.UserServiceTest" name="createUserNullTest" time="0.001"/>
  <testcase classname="User.service.UserServiceTest" name="createUserTest" time="0.001"/>
  <testcase classname="User.service.UserServiceTest" name="updateUserNullTest" time="0"/>
  <testcase classname="User.service.UserServiceTest" name="updateUserTest" time="0.001"/>
  <testcase classname="Production.NecessarySupplyTest" name="testSetAndGetIdDesign" time="0.001"/>
  <testcase classname="Production.NecessarySupplyTest" name="testSetAndGetIdNecessarySupply" time="0"/>
  <testcase classname="User.UserTest" name="setAndGetCareer" time="0"/>
  <testcase classname="User.UserTest" name="setAndGetCarnet" time="0"/>
  <testcase classname="User.UserTest" name="setAndGetEmail" time="0"/>
  <testcase classname="User.UserTest" name="setAndGetName" time="0"/>
  <testcase classname="User.UserTest" name="setAndGetPassword" time="0"/>
  <testcase classname="User.UserTest" name="setAndGetPhone" time="0.001"/>
  <testcase classname="User.UserTest" name="setAndGetRoluser" time="0"/>
  <testcase classname="User.UserTest" name="setAndGetState" time="0"/>
  <testcase classname="Production.ProductionTest" name="productionBuilderTest" time="0.001"/>
  <testcase classname="Production.ProductionTest" name="testEquals" time="0"/>
  <testcase classname="Production.ProductionTest" name="testSetAndGetIdProduction" time="0"/>
  <testcase classname="Production.ProductionTest" name="testSetAndGetName" time="0"/>
  <testcase classname="Production.ProductionTest" name="testSetAndGetProduct" time="0"/>
  <testcase classname="Production.ProductionTest" name="testSetAndGetState" time="0.001"/>
  <testcase classname="Production.ProductionTest" name="testSetAndGetUnity" time="0"/>
  <testcase classname="Production.ProductionTest" name="testSetAndQuantit" time="0"/>
  <testcase classname="Production.ProductTest" name="testSetAndGetDescription" time="0.001"/>
  <testcase classname="Production.ProductTest" name="testSetAndGetIdProduct" time="0"/>
  <testcase classname="Production.ProductTest" name="testSetAndGetName" time="0"/>
  <testcase classname="Production.repository.CommentaryRepositoryTest" name="getAllWithNoResult" time="0.002"/>
  <testcase classname="Production.repository.CommentaryRepositoryTest" name="getAllWithResult" time="0.001"/>
  <testcase classname="Production.repository.CommentaryRepositoryTest" name="getCommentaryByIdResultWithNoResult" time="0.001"/>
  <testcase classname="Production.repository.CommentaryRepositoryTest" name="getCommentaryByIdResultWithResult" time="0"/>
  <testcase classname="Production.repository.CommentaryRepositoryTest" name="getCommentaryByStageWithNoResult" time="0"/>
  <testcase classname="Production.repository.CommentaryRepositoryTest" name="getCommentaryByStageWithResult" time="0"/>
  <testcase classname="Production.repository.NecessarySupplyRepositoryTest" name="getAllWithNoResult" time="0.002"/>
  <testcase classname="Production.repository.NecessarySupplyRepositoryTest" name="getAllWithResult" time="0.001"/>
  <testcase classname="Production.repository.NecessarySupplyRepositoryTest" name="getNecessarySupplyByIdWithNoResult" time="0.001"/>
  <testcase classname="Production.repository.NecessarySupplyRepositoryTest" name="getNecessarySupplyByIdWithResult" time="0.001"/>
  <testcase classname="Production.repository.NecessarySupplyRepositoryTest" name="getNecessarySupplyByStepWithNoResult" time="0.001"/>
  <testcase classname="Production.repository.NecessarySupplyRepositoryTest" name="getNecessarySupplyByStepWithResult" time="0"/>
  <testcase classname="Production.repository.NecessarySupplyRepositoryTest" name="getNecessarySupplyBySupplyWithNoResult" time="0"/>
  <testcase classname="Production.repository.NecessarySupplyRepositoryTest" name="getNecessarySupplyBySupplyWithResult" time="0"/>
  <testcase classname="Production.repository.ProductionRepositoryTest" name="AllProductionsTest" time="0"/>
  <testcase classname="Production.repository.ProductionRepositoryTest" name="findProductionLikeNameTest" time="0.001"/>
  <testcase classname="Production.repository.ProductRepositoryTest" name="getAllWithNoResult" time="0.002"/>
  <testcase classname="Production.repository.ProductRepositoryTest" name="getAllWithResult" time="0.001"/>
  <testcase classname="Production.repository.ProductRepositoryTest" name="getProductByIdtWithResult" time="0"/>
  <testcase classname="Production.repository.StageRepositoryTest" name="AllProductionsTest" time="0.001"/>
  <testcase classname="Production.repository.StageRepositoryTest" name="FindByIdProductionNoResultExceptionTest" time="0.001"/>
  <testcase classname="Production.repository.StageRepositoryTest" name="findProductionLikeNameTest" time="0.001"/>
  <testcase classname="Production.repository.StepRepositoryTest" name="AllProductionsTest" time="0.001"/>
  <testcase classname="Production.repository.StepRepositoryTest" name="FindByIdProductionNoResultExceptionTest" time="0"/>
  <testcase classname="Production.repository.StepRepositoryTest" name="findProductionLikeNameTest" time="0"/>
  <testcase classname="Production.service.CommentaryServiceTest" name="createCommentaryTest" time="0.002"/>
  <testcase classname="Production.service.CommentaryServiceTest" name="updateCommentaryStageIdTest" time="0.005"/>
  <testcase classname="Production.service.CommentaryServiceTest" name="updateCommentaryTextTest" time="0.001"/>
  <testcase classname="Production.service.NecessarySupplyServiceTest" name="createNecessarySupply" time="0.002"/>
  <testcase classname="Production.service.NecessarySupplyServiceTest" name="updateNecessarySupplyIdStepTest" time="0.005"/>
  <testcase classname="Production.service.NecessarySupplyServiceTest" name="updateNecessarySupplyIdSupplyTest" time="0.001"/>
  <testcase classname="Production.service.ProductionServiceTest" name="MandatoryAttributeProductionExceptionDateEdit" time="0"/>
  <testcase classname="Production.service.ProductionServiceTest" name="MandatoryAttributeProductionExceptionNameCreate" time="0"/>
  <testcase classname="Production.service.ProductionServiceTest" name="MandatoryAttributeProductionExceptionNameEdit" time="0.002"/>
  <testcase classname="Production.service.ProductionServiceTest" name="MandatoryAttributeProductionExceptionUnityCreate" time="0"/>
  <testcase classname="Production.service.ProductionServiceTest" name="editProductionTest" time="0.001"/>
  <testcase classname="Production.service.ProductServiceTest" name="createProductTest" time="0.001"/>
  <testcase classname="Production.service.ProductServiceTest" name="updateAllProductTest" time="0.001"/>
  <testcase classname="Production.service.ProductServiceTest" name="updateNullProductTest" time="0"/>
  <testcase classname="Production.service.StageServiceTest" name="MandatoryAttributeProductionExceptionNameEdit" time="0"/>
  <testcase classname="Production.service.StageServiceTest" name="MandatoryAttributeProductionExceptionUnityEdit" time="0"/>
  <testcase classname="Production.service.StageServiceTest" name="editProductionTest" time="0.001"/>
  <testcase classname="Production.service.StepServiceTest" name="editTest" time="0"/>
  <testcase classname="Production.StageTest" name="stageBuilderTest" time="0"/>
  <testcase classname="Production.StageTest" name="testEquals" time="0.001"/>
  <testcase classname="Production.StageTest" name="testSetAndGetDescription" time="0"/>
  <testcase classname="Production.StageTest" name="testSetAndGetIdStage" time="0"/>
  <testcase classname="Production.StageTest" name="testSetAndGetName" time="0"/>
  <testcase classname="Production.StageTest" name="testSetAndGetProductionId" time="0.001"/>
  <testcase classname="Production.StepTest" name="stageBuilderTest" time="0"/>
  <testcase classname="Production.StepTest" name="testEquals" time="0"/>
  <testcase classname="Production.StepTest" name="testSetAndGetDescription" time="0"/>
  <testcase classname="Production.StepTest" name="testSetAndGetIdStep" time="0"/>
  <testcase classname="Production.StepTest" name="testSetAndGetName" time="0"/>
  <testcase classname="Production.StepTest" name="testSetAndGetStageId" time="0"/>
  <testcase classname="Supply.MeasureTest" name="testSetAndGetCollectionSupply" time="0.001"/>
  <testcase classname="Supply.MeasureTest" name="testSetAndGetIdMeasure" time="0"/>
  <testcase classname="Supply.MeasureTest" name="testSetAndGetName" time="0"/>
  <testcase classname="Supply.repository.MeasureRepositoryTest" name="getMeasuresTestEmpty" time="0.005"/>
  <testcase classname="Supply.repository.MeasureRepositoryTest" name="getMeasuresTestNoEmpty" time="0.001"/>
</testsuite>